<?xml version="1.0" encoding="utf-8"?>
<!DOCTYPE coverage SYSTEM "http://cobertura.sourceforge.net/xml/coverage-04.dtd">
<coverage line-rate="0.75" branch-rate="0.3333333333333333" lines-covered="180" lines-valid="240" branches-covered="12" branches-valid="36" complexity="62" version="0" timestamp="1642680044">
  <sources>
    <source>C:\Users\rsmar\</source>
  </sources>
  <packages>
    <package name="WebstorePhones.Business" line-rate="0.5333333333333333" branch-rate="0.3333333333333333" complexity="44">
      <classes>
        <class name="WebstorePhones.Business.Services.BrandService" filename="C:\Users\rsmar\Source\Repos\WebstorePhones\WebstorePhones.Business\Services\BrandService.cs" line-rate="1" branch-rate="1" complexity="6">
          <methods>
            <method name="GetById" signature="(...)" line-rate="1" branch-rate="1" complexity="1">
              <lines>
                <line number="18" hits="2" branch="false" />
                <line number="19" hits="2" branch="false" />
                <line number="20" hits="2" branch="false" />
              </lines>
            </method>
            <method name="AddBrandIdToPhone" signature="(...)" line-rate="1" branch-rate="1" complexity="2">
              <lines>
                <line number="23" hits="2" branch="false" />
                <line number="24" hits="2" branch="false" />
                <line number="26" hits="2" branch="true" condition-coverage="100% (2/2)" />
                <line number="27" hits="1" branch="false" />
                <line number="28" hits="1" branch="false" />
                <line number="29" hits="1" branch="false" />
                <line number="30" hits="1" branch="false" />
                <line number="32" hits="2" branch="false" />
                <line number="33" hits="2" branch="false" />
              </lines>
            </method>
            <method name="GetBrandId" signature="(...)" line-rate="1" branch-rate="1" complexity="2">
              <lines>
                <line number="36" hits="3" branch="false" />
                <line number="37" hits="3" branch="true" condition-coverage="100% (2/2)" />
                <line number="38" hits="3" branch="false" />
                <line number="39" hits="3" branch="false" />
                <line number="40" hits="3" branch="false" />
              </lines>
            </method>
            <method name=".ctor" signature="(...)" line-rate="1" branch-rate="1" complexity="1">
              <lines>
                <line number="12" hits="4" branch="false" />
                <line number="13" hits="4" branch="false" />
                <line number="14" hits="4" branch="false" />
                <line number="15" hits="4" branch="false" />
              </lines>
            </method>
          </methods>
          <lines>
            <line number="12" hits="4" branch="false" />
            <line number="13" hits="4" branch="false" />
            <line number="14" hits="4" branch="false" />
            <line number="15" hits="4" branch="false" />
            <line number="18" hits="2" branch="false" />
            <line number="19" hits="2" branch="false" />
            <line number="20" hits="2" branch="false" />
            <line number="23" hits="2" branch="false" />
            <line number="24" hits="2" branch="false" />
            <line number="26" hits="2" branch="true" condition-coverage="100% (2/2)" />
            <line number="27" hits="1" branch="false" />
            <line number="28" hits="1" branch="false" />
            <line number="29" hits="1" branch="false" />
            <line number="30" hits="1" branch="false" />
            <line number="32" hits="2" branch="false" />
            <line number="33" hits="2" branch="false" />
            <line number="36" hits="3" branch="false" />
            <line number="37" hits="3" branch="true" condition-coverage="100% (2/2)" />
            <line number="38" hits="3" branch="false" />
            <line number="39" hits="3" branch="false" />
            <line number="40" hits="3" branch="false" />
          </lines>
        </class>
        <class name="WebstorePhones.Business.Services.PhoneService" filename="C:\Users\rsmar\Source\Repos\WebstorePhones\WebstorePhones.Business\Services\PhoneService.cs" line-rate="0.9347826086956522" branch-rate="1" complexity="13">
          <methods>
            <method name="Get" signature="()" line-rate="1" branch-rate="1" complexity="1">
              <lines>
                <line number="23" hits="3" branch="false" />
                <line number="24" hits="3" branch="false" />
                <line number="31" hits="3" branch="false" />
                <line number="32" hits="3" branch="false" />
              </lines>
            </method>
            <method name="Search" signature="(...)" line-rate="1" branch-rate="1" complexity="4">
              <lines>
                <line number="35" hits="3" branch="false" />
                <line number="38" hits="3" branch="false" />
                <line number="45" hits="3" branch="false" />
                <line number="46" hits="3" branch="true" condition-coverage="100% (4/4)" />
                <line number="47" hits="3" branch="false" />
                <line number="48" hits="3" branch="false" />
                <line number="49" hits="3" branch="false" />
                <line number="50" hits="3" branch="false" />
              </lines>
            </method>
            <method name="AddMissingPhones" signature="(...)" line-rate="1" branch-rate="1" complexity="4">
              <lines>
                <line number="53" hits="1" branch="false" />
                <line number="54" hits="1" branch="false" />
                <line number="55" hits="5" branch="true" condition-coverage="100% (2/2)" />
                <line number="56" hits="1" branch="false" />
                <line number="57" hits="1" branch="true" condition-coverage="100% (2/2)" />
                <line number="58" hits="1" branch="false" />
                <line number="59" hits="1" branch="false" />
                <line number="60" hits="1" branch="false" />
                <line number="61" hits="1" branch="false" />
                <line number="62" hits="1" branch="false" />
                <line number="63" hits="1" branch="false" />
                <line number="64" hits="1" branch="false" />
              </lines>
            </method>
            <method name="Delete" signature="(...)" line-rate="1" branch-rate="1" complexity="1">
              <lines>
                <line number="67" hits="1" branch="false" />
                <line number="68" hits="1" branch="false" />
                <line number="69" hits="1" branch="false" />
              </lines>
            </method>
            <method name="AddToDatabase" signature="(...)" line-rate="1" branch-rate="1" complexity="1">
              <lines>
                <line number="72" hits="1" branch="false" />
                <line number="73" hits="1" branch="false" />
                <line number="74" hits="1" branch="false" />
                <line number="75" hits="1" branch="false" />
                <line number="76" hits="1" branch="false" />
                <line number="77" hits="1" branch="false" />
                <line number="78" hits="1" branch="false" />
              </lines>
            </method>
            <method name="PhoneInDatabase" signature="(...)" line-rate="0.5714285714285714" branch-rate="1" complexity="1">
              <lines>
                <line number="81" hits="1" branch="false" />
                <line number="82" hits="1" branch="false" />
                <line number="83" hits="0" branch="false" />
                <line number="84" hits="0" branch="false" />
                <line number="85" hits="0" branch="false" />
                <line number="86" hits="1" branch="false" />
                <line number="87" hits="1" branch="false" />
              </lines>
            </method>
            <method name=".ctor" signature="(...)" line-rate="1" branch-rate="1" complexity="1">
              <lines>
                <line number="16" hits="7" branch="false" />
                <line number="17" hits="7" branch="false" />
                <line number="18" hits="7" branch="false" />
                <line number="19" hits="7" branch="false" />
                <line number="20" hits="7" branch="false" />
              </lines>
            </method>
          </methods>
          <lines>
            <line number="16" hits="7" branch="false" />
            <line number="17" hits="7" branch="false" />
            <line number="18" hits="7" branch="false" />
            <line number="19" hits="7" branch="false" />
            <line number="20" hits="7" branch="false" />
            <line number="23" hits="3" branch="false" />
            <line number="24" hits="3" branch="false" />
            <line number="31" hits="3" branch="false" />
            <line number="32" hits="3" branch="false" />
            <line number="35" hits="3" branch="false" />
            <line number="38" hits="3" branch="false" />
            <line number="45" hits="3" branch="false" />
            <line number="46" hits="3" branch="true" condition-coverage="100% (4/4)" />
            <line number="47" hits="3" branch="false" />
            <line number="48" hits="3" branch="false" />
            <line number="49" hits="3" branch="false" />
            <line number="50" hits="3" branch="false" />
            <line number="53" hits="1" branch="false" />
            <line number="54" hits="1" branch="false" />
            <line number="55" hits="5" branch="true" condition-coverage="100% (2/2)" />
            <line number="56" hits="1" branch="false" />
            <line number="57" hits="1" branch="true" condition-coverage="100% (2/2)" />
            <line number="58" hits="1" branch="false" />
            <line number="59" hits="1" branch="false" />
            <line number="60" hits="1" branch="false" />
            <line number="61" hits="1" branch="false" />
            <line number="62" hits="1" branch="false" />
            <line number="63" hits="1" branch="false" />
            <line number="64" hits="1" branch="false" />
            <line number="67" hits="1" branch="false" />
            <line number="68" hits="1" branch="false" />
            <line number="69" hits="1" branch="false" />
            <line number="72" hits="1" branch="false" />
            <line number="73" hits="1" branch="false" />
            <line number="74" hits="1" branch="false" />
            <line number="75" hits="1" branch="false" />
            <line number="76" hits="1" branch="false" />
            <line number="77" hits="1" branch="false" />
            <line number="78" hits="1" branch="false" />
            <line number="81" hits="1" branch="false" />
            <line number="82" hits="1" branch="false" />
            <line number="83" hits="0" branch="false" />
            <line number="84" hits="0" branch="false" />
            <line number="85" hits="0" branch="false" />
            <line number="86" hits="1" branch="false" />
            <line number="87" hits="1" branch="false" />
          </lines>
        </class>
        <class name="WebstorePhones.Business.Services.XmlService" filename="C:\Users\rsmar\Source\Repos\WebstorePhones\WebstorePhones.Business\Services\XmlService.cs" line-rate="0" branch-rate="0" complexity="25">
          <methods>
            <method name="ReadFromXmlFile" signature="(...)" line-rate="0" branch-rate="0" complexity="24">
              <lines>
                <line number="13" hits="0" branch="false" />
                <line number="14" hits="0" branch="false" />
                <line number="16" hits="0" branch="false" />
                <line number="17" hits="0" branch="false" />
                <line number="18" hits="0" branch="false" />
                <line number="20" hits="0" branch="true" condition-coverage="0% (0/2)" />
                <line number="21" hits="0" branch="false" />
                <line number="22" hits="0" branch="true" condition-coverage="0% (0/2)" />
                <line number="23" hits="0" branch="false" />
                <line number="24" hits="0" branch="true" condition-coverage="0% (0/10)" />
                <line number="27" hits="0" branch="true" condition-coverage="0% (0/2)" />
                <line number="28" hits="0" branch="false" />
                <line number="29" hits="0" branch="false" />
                <line number="30" hits="0" branch="false" />
                <line number="31" hits="0" branch="false" />
                <line number="32" hits="0" branch="false" />
                <line number="34" hits="0" branch="true" condition-coverage="0% (0/2)" />
                <line number="35" hits="0" branch="false" />
                <line number="36" hits="0" branch="false" />
                <line number="38" hits="0" branch="true" condition-coverage="0% (0/2)" />
                <line number="39" hits="0" branch="false" />
                <line number="40" hits="0" branch="false" />
                <line number="41" hits="0" branch="false" />
                <line number="42" hits="0" branch="false" />
                <line number="43" hits="0" branch="false" />
                <line number="45" hits="0" branch="true" condition-coverage="0% (0/2)" />
                <line number="46" hits="0" branch="false" />
                <line number="47" hits="0" branch="false" />
                <line number="49" hits="0" branch="true" condition-coverage="0% (0/2)" />
                <line number="50" hits="0" branch="false" />
                <line number="51" hits="0" branch="false" />
                <line number="52" hits="0" branch="false" />
                <line number="54" hits="0" branch="false" />
                <line number="55" hits="0" branch="false" />
                <line number="56" hits="0" branch="false" />
                <line number="58" hits="0" branch="false" />
                <line number="59" hits="0" branch="false" />
                <line number="60" hits="0" branch="false" />
                <line number="61" hits="0" branch="false" />
                <line number="62" hits="0" branch="false" />
              </lines>
            </method>
            <method name="AddToList" signature="(...)" line-rate="0" branch-rate="1" complexity="1">
              <lines>
                <line number="65" hits="0" branch="false" />
                <line number="66" hits="0" branch="false" />
                <line number="67" hits="0" branch="false" />
                <line number="68" hits="0" branch="false" />
                <line number="69" hits="0" branch="false" />
                <line number="70" hits="0" branch="false" />
                <line number="71" hits="0" branch="false" />
                <line number="72" hits="0" branch="false" />
                <line number="73" hits="0" branch="false" />
                <line number="74" hits="0" branch="false" />
                <line number="75" hits="0" branch="false" />
                <line number="76" hits="0" branch="false" />
                <line number="77" hits="0" branch="false" />
              </lines>
            </method>
          </methods>
          <lines>
            <line number="13" hits="0" branch="false" />
            <line number="14" hits="0" branch="false" />
            <line number="16" hits="0" branch="false" />
            <line number="17" hits="0" branch="false" />
            <line number="18" hits="0" branch="false" />
            <line number="20" hits="0" branch="true" condition-coverage="0% (0/2)" />
            <line number="21" hits="0" branch="false" />
            <line number="22" hits="0" branch="true" condition-coverage="0% (0/2)" />
            <line number="23" hits="0" branch="false" />
            <line number="24" hits="0" branch="true" condition-coverage="0% (0/10)" />
            <line number="27" hits="0" branch="true" condition-coverage="0% (0/2)" />
            <line number="28" hits="0" branch="false" />
            <line number="29" hits="0" branch="false" />
            <line number="30" hits="0" branch="false" />
            <line number="31" hits="0" branch="false" />
            <line number="32" hits="0" branch="false" />
            <line number="34" hits="0" branch="true" condition-coverage="0% (0/2)" />
            <line number="35" hits="0" branch="false" />
            <line number="36" hits="0" branch="false" />
            <line number="38" hits="0" branch="true" condition-coverage="0% (0/2)" />
            <line number="39" hits="0" branch="false" />
            <line number="40" hits="0" branch="false" />
            <line number="41" hits="0" branch="false" />
            <line number="42" hits="0" branch="false" />
            <line number="43" hits="0" branch="false" />
            <line number="45" hits="0" branch="true" condition-coverage="0% (0/2)" />
            <line number="46" hits="0" branch="false" />
            <line number="47" hits="0" branch="false" />
            <line number="49" hits="0" branch="true" condition-coverage="0% (0/2)" />
            <line number="50" hits="0" branch="false" />
            <line number="51" hits="0" branch="false" />
            <line number="52" hits="0" branch="false" />
            <line number="54" hits="0" branch="false" />
            <line number="55" hits="0" branch="false" />
            <line number="56" hits="0" branch="false" />
            <line number="58" hits="0" branch="false" />
            <line number="59" hits="0" branch="false" />
            <line number="60" hits="0" branch="false" />
            <line number="61" hits="0" branch="false" />
            <line number="62" hits="0" branch="false" />
            <line number="65" hits="0" branch="false" />
            <line number="66" hits="0" branch="false" />
            <line number="67" hits="0" branch="false" />
            <line number="68" hits="0" branch="false" />
            <line number="69" hits="0" branch="false" />
            <line number="70" hits="0" branch="false" />
            <line number="71" hits="0" branch="false" />
            <line number="72" hits="0" branch="false" />
            <line number="73" hits="0" branch="false" />
            <line number="74" hits="0" branch="false" />
            <line number="75" hits="0" branch="false" />
            <line number="76" hits="0" branch="false" />
            <line number="77" hits="0" branch="false" />
          </lines>
        </class>
      </classes>
    </package>
    <package name="WebstorePhones.Testing" line-rate="0.9666666666666667" branch-rate="1" complexity="18">
      <classes>
        <class name="AutoGeneratedProgram" filename="C:\Users\rsmar\.nuget\packages\microsoft.net.test.sdk\16.9.4\build\netcoreapp2.1\Microsoft.NET.Test.Sdk.Program.cs" line-rate="0" branch-rate="1" complexity="1">
          <methods>
            <method name="Main" signature="(...)" line-rate="0" branch-rate="1" complexity="1">
              <lines>
                <line number="4" hits="0" branch="false" />
              </lines>
            </method>
          </methods>
          <lines>
            <line number="4" hits="0" branch="false" />
          </lines>
        </class>
        <class name="WebstorePhones.Testing.BrandService.AddBrandIdToPhone" filename="C:\Users\rsmar\Source\Repos\WebstorePhones\WebstorePhones.Testing\BrandService\AddBrandIdToPhone.cs" line-rate="1" branch-rate="1" complexity="3">
          <methods>
            <method name="Should_ReturnBrandIdOfOne" signature="()" line-rate="1" branch-rate="1" complexity="1">
              <lines>
                <line number="23" hits="1" branch="false" />
                <line number="24" hits="1" branch="false" />
                <line number="26" hits="1" branch="false" />
                <line number="28" hits="1" branch="false" />
                <line number="29" hits="1" branch="false" />
              </lines>
            </method>
            <method name="Should_CallBrandRepositoryCreateOnce" signature="()" line-rate="1" branch-rate="1" complexity="1">
              <lines>
                <line number="33" hits="1" branch="false" />
                <line number="34" hits="1" branch="false" />
                <line number="36" hits="1" branch="false" />
                <line number="38" hits="1" branch="false" />
                <line number="39" hits="1" branch="false" />
              </lines>
            </method>
            <method name=".ctor" signature="()" line-rate="1" branch-rate="1" complexity="1">
              <lines>
                <line number="15" hits="2" branch="false" />
                <line number="16" hits="2" branch="false" />
                <line number="17" hits="2" branch="false" />
                <line number="18" hits="2" branch="false" />
                <line number="19" hits="2" branch="false" />
              </lines>
            </method>
          </methods>
          <lines>
            <line number="15" hits="2" branch="false" />
            <line number="16" hits="2" branch="false" />
            <line number="17" hits="2" branch="false" />
            <line number="18" hits="2" branch="false" />
            <line number="19" hits="2" branch="false" />
            <line number="23" hits="1" branch="false" />
            <line number="24" hits="1" branch="false" />
            <line number="26" hits="1" branch="false" />
            <line number="28" hits="1" branch="false" />
            <line number="29" hits="1" branch="false" />
            <line number="33" hits="1" branch="false" />
            <line number="34" hits="1" branch="false" />
            <line number="36" hits="1" branch="false" />
            <line number="38" hits="1" branch="false" />
            <line number="39" hits="1" branch="false" />
          </lines>
        </class>
        <class name="WebstorePhones.Testing.BrandService.GetById" filename="C:\Users\rsmar\Source\Repos\WebstorePhones\WebstorePhones.Testing\BrandService\GetById.cs" line-rate="1" branch-rate="1" complexity="3">
          <methods>
            <method name="Should_Return_ABrandWithAnIdOf1" signature="()" line-rate="1" branch-rate="1" complexity="1">
              <lines>
                <line number="21" hits="1" branch="false" />
                <line number="22" hits="1" branch="false" />
                <line number="23" hits="1" branch="false" />
                <line number="24" hits="1" branch="false" />
                <line number="25" hits="1" branch="false" />
                <line number="26" hits="1" branch="false" />
                <line number="27" hits="1" branch="false" />
                <line number="29" hits="1" branch="false" />
                <line number="31" hits="1" branch="false" />
                <line number="32" hits="1" branch="false" />
              </lines>
            </method>
            <method name="Should_CallBrandDepositoryGetByIdOnce" signature="()" line-rate="1" branch-rate="1" complexity="1">
              <lines>
                <line number="36" hits="1" branch="false" />
                <line number="37" hits="1" branch="false" />
                <line number="39" hits="1" branch="false" />
                <line number="40" hits="1" branch="false" />
              </lines>
            </method>
            <method name=".ctor" signature="()" line-rate="1" branch-rate="1" complexity="1">
              <lines>
                <line number="13" hits="2" branch="false" />
                <line number="14" hits="2" branch="false" />
                <line number="15" hits="2" branch="false" />
                <line number="16" hits="2" branch="false" />
                <line number="17" hits="2" branch="false" />
              </lines>
            </method>
          </methods>
          <lines>
            <line number="13" hits="2" branch="false" />
            <line number="14" hits="2" branch="false" />
            <line number="15" hits="2" branch="false" />
            <line number="16" hits="2" branch="false" />
            <line number="17" hits="2" branch="false" />
            <line number="21" hits="1" branch="false" />
            <line number="22" hits="1" branch="false" />
            <line number="23" hits="1" branch="false" />
            <line number="24" hits="1" branch="false" />
            <line number="25" hits="1" branch="false" />
            <line number="26" hits="1" branch="false" />
            <line number="27" hits="1" branch="false" />
            <line number="29" hits="1" branch="false" />
            <line number="31" hits="1" branch="false" />
            <line number="32" hits="1" branch="false" />
            <line number="36" hits="1" branch="false" />
            <line number="37" hits="1" branch="false" />
            <line number="39" hits="1" branch="false" />
            <line number="40" hits="1" branch="false" />
          </lines>
        </class>
        <class name="WebstorePhones.Testing.PhoneService.AddMissingPhones" filename="C:\Users\rsmar\Source\Repos\WebstorePhones\WebstorePhones.Testing\PhoneService\AddMissingPhones.cs" line-rate="1" branch-rate="1" complexity="2">
          <methods>
            <method name="Should_Return_1" signature="()" line-rate="1" branch-rate="1" complexity="1">
              <lines>
                <line number="25" hits="1" branch="false" />
                <line number="26" hits="1" branch="false" />
                <line number="27" hits="1" branch="false" />
                <line number="28" hits="1" branch="false" />
                <line number="29" hits="1" branch="false" />
                <line number="30" hits="1" branch="false" />
                <line number="31" hits="1" branch="false" />
                <line number="32" hits="1" branch="false" />
                <line number="33" hits="1" branch="false" />
                <line number="34" hits="1" branch="false" />
                <line number="35" hits="1" branch="false" />
                <line number="36" hits="1" branch="false" />
                <line number="37" hits="1" branch="false" />
                <line number="39" hits="1" branch="false" />
                <line number="41" hits="1" branch="false" />
                <line number="43" hits="1" branch="false" />
                <line number="44" hits="1" branch="false" />
              </lines>
            </method>
            <method name=".ctor" signature="()" line-rate="1" branch-rate="1" complexity="1">
              <lines>
                <line number="16" hits="1" branch="false" />
                <line number="17" hits="1" branch="false" />
                <line number="18" hits="1" branch="false" />
                <line number="19" hits="1" branch="false" />
                <line number="20" hits="1" branch="false" />
                <line number="21" hits="1" branch="false" />
              </lines>
            </method>
          </methods>
          <lines>
            <line number="16" hits="1" branch="false" />
            <line number="17" hits="1" branch="false" />
            <line number="18" hits="1" branch="false" />
            <line number="19" hits="1" branch="false" />
            <line number="20" hits="1" branch="false" />
            <line number="21" hits="1" branch="false" />
            <line number="25" hits="1" branch="false" />
            <line number="26" hits="1" branch="false" />
            <line number="27" hits="1" branch="false" />
            <line number="28" hits="1" branch="false" />
            <line number="29" hits="1" branch="false" />
            <line number="30" hits="1" branch="false" />
            <line number="31" hits="1" branch="false" />
            <line number="32" hits="1" branch="false" />
            <line number="33" hits="1" branch="false" />
            <line number="34" hits="1" branch="false" />
            <line number="35" hits="1" branch="false" />
            <line number="36" hits="1" branch="false" />
            <line number="37" hits="1" branch="false" />
            <line number="39" hits="1" branch="false" />
            <line number="41" hits="1" branch="false" />
            <line number="43" hits="1" branch="false" />
            <line number="44" hits="1" branch="false" />
          </lines>
        </class>
        <class name="WebstorePhones.Testing.PhoneService.Delete" filename="C:\Users\rsmar\Source\Repos\WebstorePhones\WebstorePhones.Testing\PhoneService\Delete.cs" line-rate="1" branch-rate="1" complexity="2">
          <methods>
            <method name="Should_CallPhoneRepositoryDelete_Once" signature="()" line-rate="1" branch-rate="1" complexity="1">
              <lines>
                <line number="23" hits="1" branch="false" />
                <line number="24" hits="1" branch="false" />
                <line number="26" hits="1" branch="false" />
                <line number="27" hits="1" branch="false" />
              </lines>
            </method>
            <method name=".ctor" signature="()" line-rate="1" branch-rate="1" complexity="1">
              <lines>
                <line number="14" hits="1" branch="false" />
                <line number="15" hits="1" branch="false" />
                <line number="16" hits="1" branch="false" />
                <line number="17" hits="1" branch="false" />
                <line number="18" hits="1" branch="false" />
                <line number="19" hits="1" branch="false" />
              </lines>
            </method>
          </methods>
          <lines>
            <line number="14" hits="1" branch="false" />
            <line number="15" hits="1" branch="false" />
            <line number="16" hits="1" branch="false" />
            <line number="17" hits="1" branch="false" />
            <line number="18" hits="1" branch="false" />
            <line number="19" hits="1" branch="false" />
            <line number="23" hits="1" branch="false" />
            <line number="24" hits="1" branch="false" />
            <line number="26" hits="1" branch="false" />
            <line number="27" hits="1" branch="false" />
          </lines>
        </class>
        <class name="WebstorePhones.Testing.PhoneService.Get" filename="C:\Users\rsmar\Source\Repos\WebstorePhones\WebstorePhones.Testing\PhoneService\Get.cs" line-rate="0.9375" branch-rate="1" complexity="3">
          <methods>
            <method name="Should_CallPhoneRepositoryGetAllOnce" signature="()" line-rate="1" branch-rate="1" complexity="1">
              <lines>
                <line number="25" hits="1" branch="false" />
                <line number="26" hits="1" branch="false" />
                <line number="28" hits="1" branch="false" />
                <line number="29" hits="1" branch="false" />
              </lines>
            </method>
            <method name="Should_CallBrandRepositoryTwice" signature="()" line-rate="0.8333333333333334" branch-rate="1" complexity="1">
              <lines>
                <line number="33" hits="1" branch="false" />
                <line number="34" hits="1" branch="false" />
                <line number="35" hits="1" branch="false" />
                <line number="37" hits="1" branch="false" />
                <line number="39" hits="1" branch="false" />
                <line number="40" hits="0" branch="false" />
              </lines>
            </method>
            <method name=".ctor" signature="()" line-rate="1" branch-rate="1" complexity="1">
              <lines>
                <line number="16" hits="2" branch="false" />
                <line number="17" hits="2" branch="false" />
                <line number="18" hits="2" branch="false" />
                <line number="19" hits="2" branch="false" />
                <line number="20" hits="2" branch="false" />
                <line number="21" hits="2" branch="false" />
              </lines>
            </method>
          </methods>
          <lines>
            <line number="16" hits="2" branch="false" />
            <line number="17" hits="2" branch="false" />
            <line number="18" hits="2" branch="false" />
            <line number="19" hits="2" branch="false" />
            <line number="20" hits="2" branch="false" />
            <line number="21" hits="2" branch="false" />
            <line number="25" hits="1" branch="false" />
            <line number="26" hits="1" branch="false" />
            <line number="28" hits="1" branch="false" />
            <line number="29" hits="1" branch="false" />
            <line number="33" hits="1" branch="false" />
            <line number="34" hits="1" branch="false" />
            <line number="35" hits="1" branch="false" />
            <line number="37" hits="1" branch="false" />
            <line number="39" hits="1" branch="false" />
            <line number="40" hits="0" branch="false" />
          </lines>
        </class>
        <class name="WebstorePhones.Testing.PhoneService.Search" filename="C:\Users\rsmar\Source\Repos\WebstorePhones\WebstorePhones.Testing\PhoneService\Search.cs" line-rate="0.9444444444444444" branch-rate="1" complexity="4">
          <methods>
            <method name="Should_Return_OnePhoneWithMatchingBrand" signature="()" line-rate="0.8" branch-rate="1" complexity="1">
              <lines>
                <line number="25" hits="1" branch="false" />
                <line number="26" hits="1" branch="false" />
                <line number="27" hits="1" branch="false" />
                <line number="28" hits="1" branch="false" />
                <line number="29" hits="1" branch="false" />
                <line number="30" hits="1" branch="false" />
                <line number="31" hits="1" branch="false" />
                <line number="33" hits="1" branch="false" />
                <line number="35" hits="0" branch="false" />
                <line number="36" hits="0" branch="false" />
              </lines>
            </method>
            <method name="Should_Return_OnePhoneWithMatchingType" signature="()" line-rate="1" branch-rate="1" complexity="1">
              <lines>
                <line number="40" hits="1" branch="false" />
                <line number="41" hits="1" branch="false" />
                <line number="42" hits="1" branch="false" />
                <line number="43" hits="1" branch="false" />
                <line number="44" hits="1" branch="false" />
                <line number="45" hits="1" branch="false" />
                <line number="46" hits="1" branch="false" />
                <line number="48" hits="1" branch="false" />
                <line number="50" hits="1" branch="false" />
                <line number="51" hits="1" branch="false" />
              </lines>
            </method>
            <method name="Should_Return_OnePhoneWithMatchingDescription" signature="()" line-rate="1" branch-rate="1" complexity="1">
              <lines>
                <line number="55" hits="1" branch="false" />
                <line number="56" hits="1" branch="false" />
                <line number="57" hits="1" branch="false" />
                <line number="58" hits="1" branch="false" />
                <line number="59" hits="1" branch="false" />
                <line number="60" hits="1" branch="false" />
                <line number="61" hits="1" branch="false" />
                <line number="63" hits="1" branch="false" />
                <line number="65" hits="1" branch="false" />
                <line number="66" hits="1" branch="false" />
              </lines>
            </method>
            <method name=".ctor" signature="()" line-rate="1" branch-rate="1" complexity="1">
              <lines>
                <line number="16" hits="3" branch="false" />
                <line number="17" hits="3" branch="false" />
                <line number="18" hits="3" branch="false" />
                <line number="19" hits="3" branch="false" />
                <line number="20" hits="3" branch="false" />
                <line number="21" hits="3" branch="false" />
              </lines>
            </method>
          </methods>
          <lines>
            <line number="16" hits="3" branch="false" />
            <line number="17" hits="3" branch="false" />
            <line number="18" hits="3" branch="false" />
            <line number="19" hits="3" branch="false" />
            <line number="20" hits="3" branch="false" />
            <line number="21" hits="3" branch="false" />
            <line number="25" hits="1" branch="false" />
            <line number="26" hits="1" branch="false" />
            <line number="27" hits="1" branch="false" />
            <line number="28" hits="1" branch="false" />
            <line number="29" hits="1" branch="false" />
            <line number="30" hits="1" branch="false" />
            <line number="31" hits="1" branch="false" />
            <line number="33" hits="1" branch="false" />
            <line number="35" hits="0" branch="false" />
            <line number="36" hits="0" branch="false" />
            <line number="40" hits="1" branch="false" />
            <line number="41" hits="1" branch="false" />
            <line number="42" hits="1" branch="false" />
            <line number="43" hits="1" branch="false" />
            <line number="44" hits="1" branch="false" />
            <line number="45" hits="1" branch="false" />
            <line number="46" hits="1" branch="false" />
            <line number="48" hits="1" branch="false" />
            <line number="50" hits="1" branch="false" />
            <line number="51" hits="1" branch="false" />
            <line number="55" hits="1" branch="false" />
            <line number="56" hits="1" branch="false" />
            <line number="57" hits="1" branch="false" />
            <line number="58" hits="1" branch="false" />
            <line number="59" hits="1" branch="false" />
            <line number="60" hits="1" branch="false" />
            <line number="61" hits="1" branch="false" />
            <line number="63" hits="1" branch="false" />
            <line number="65" hits="1" branch="false" />
            <line number="66" hits="1" branch="false" />
          </lines>
        </class>
      </classes>
    </package>
  </packages>
</coverage>