TpTrace Verbose: 0 : 13032, 1, 2022/01/20, 12:00:42.460, 5146962354908, vstest.console.dll, Version: 16.10.0-release-20210520-03
TpTrace Information: 0 : 13032, 1, 2022/01/20, 12:00:42.470, 5146962431759, vstest.console.dll, FilePatternParser: The given file C:\Users\rsmar\Source\Repos\WebstorePhones\WebstorePhones.Testing\bin\Debug\net5.0\fine-code-coverage\build-output\WebstorePhones.Testing.dll is a full path.
TpTrace Verbose: 0 : 13032, 1, 2022/01/20, 12:00:42.480, 5146962536079, vstest.console.dll, TestPluginCache.DiscoverTestExtensions: finding test extensions in assemblies ends with: RuntimeProvider.dll TPluginInfo: Microsoft.VisualStudio.TestPlatform.Common.ExtensionFramework.Utilities.TestRuntimePluginInformation TExtension: Microsoft.VisualStudio.TestPlatform.ObjectModel.Host.ITestRuntimeProvider
TpTrace Verbose: 0 : 13032, 1, 2022/01/20, 12:00:42.481, 5146962539914, vstest.console.dll, TestPluginCache.GetExtensionPaths: Filtered extension paths: 
TpTrace Verbose: 0 : 13032, 1, 2022/01/20, 12:00:42.481, 5146962540529, vstest.console.dll, TestPluginCache.GetExtensionPaths: Added default extension paths: C:\Program Files\dotnet\sdk\5.0.301\Extensions\Microsoft.Diagnostics.NETCore.Client.dll
C:\Program Files\dotnet\sdk\5.0.301\Extensions\Microsoft.TestPlatform.Extensions.BlameDataCollector.dll
C:\Program Files\dotnet\sdk\5.0.301\Extensions\Microsoft.TestPlatform.Extensions.EventLogCollector.dll
C:\Program Files\dotnet\sdk\5.0.301\Extensions\Microsoft.TestPlatform.TestHostRuntimeProvider.dll
C:\Program Files\dotnet\sdk\5.0.301\Extensions\Microsoft.VisualStudio.TestPlatform.Extensions.Html.TestLogger.dll
C:\Program Files\dotnet\sdk\5.0.301\Extensions\Microsoft.VisualStudio.TestPlatform.Extensions.Trx.TestLogger.dll
TpTrace Verbose: 0 : 13032, 1, 2022/01/20, 12:00:42.481, 5146962540813, vstest.console.dll, TestPluginCache.GetExtensionPaths: Added unfilterableExtensionPaths: 
TpTrace Information: 0 : 13032, 1, 2022/01/20, 12:00:42.481, 5146962546739, vstest.console.dll, AssemblyResolver.ctor: Creating AssemblyResolver with searchDirectories C:\Program Files\dotnet\sdk\5.0.301\Extensions,C:\Program Files\dotnet\sdk\5.0.301
TpTrace Verbose: 0 : 13032, 1, 2022/01/20, 12:00:42.483, 5146962559512, vstest.console.dll, TestPluginCache.DiscoverTestExtensions: Discovering the extensions using extension path.
TpTrace Verbose: 0 : 13032, 1, 2022/01/20, 12:00:42.483, 5146962560488, vstest.console.dll, TestPluginCache.GetExtensionPaths: Filtered extension paths: 
TpTrace Verbose: 0 : 13032, 1, 2022/01/20, 12:00:42.483, 5146962560780, vstest.console.dll, TestPluginCache.GetExtensionPaths: Added default extension paths: C:\Program Files\dotnet\sdk\5.0.301\Extensions\Microsoft.Diagnostics.NETCore.Client.dll
C:\Program Files\dotnet\sdk\5.0.301\Extensions\Microsoft.TestPlatform.Extensions.BlameDataCollector.dll
C:\Program Files\dotnet\sdk\5.0.301\Extensions\Microsoft.TestPlatform.Extensions.EventLogCollector.dll
C:\Program Files\dotnet\sdk\5.0.301\Extensions\Microsoft.TestPlatform.TestHostRuntimeProvider.dll
C:\Program Files\dotnet\sdk\5.0.301\Extensions\Microsoft.VisualStudio.TestPlatform.Extensions.Html.TestLogger.dll
C:\Program Files\dotnet\sdk\5.0.301\Extensions\Microsoft.VisualStudio.TestPlatform.Extensions.Trx.TestLogger.dll
TpTrace Verbose: 0 : 13032, 1, 2022/01/20, 12:00:42.483, 5146962561032, vstest.console.dll, TestPluginCache.GetExtensionPaths: Added unfilterableExtensionPaths: 
TpTrace Verbose: 0 : 13032, 1, 2022/01/20, 12:00:42.483, 5146962561430, vstest.console.dll, TestPluginCache.DiscoverTestExtensions: Discovering the extensions using allExtensionPaths: C:\Program Files\dotnet\sdk\5.0.301\Extensions\Microsoft.Diagnostics.NETCore.Client.dll
C:\Program Files\dotnet\sdk\5.0.301\Extensions\Microsoft.TestPlatform.Extensions.BlameDataCollector.dll
C:\Program Files\dotnet\sdk\5.0.301\Extensions\Microsoft.TestPlatform.Extensions.EventLogCollector.dll
C:\Program Files\dotnet\sdk\5.0.301\Extensions\Microsoft.TestPlatform.TestHostRuntimeProvider.dll
C:\Program Files\dotnet\sdk\5.0.301\Extensions\Microsoft.VisualStudio.TestPlatform.Extensions.Html.TestLogger.dll
C:\Program Files\dotnet\sdk\5.0.301\Extensions\Microsoft.VisualStudio.TestPlatform.Extensions.Trx.TestLogger.dll
TpTrace Information: 0 : 13032, 1, 2022/01/20, 12:00:42.483, 5146962562545, vstest.console.dll, AssemblyResolver.AddSearchDirectories: Adding more searchDirectories C:\Program Files\dotnet\sdk\5.0.301\Extensions,C:\Program Files\dotnet\sdk\5.0.301
TpTrace Information: 0 : 13032, 1, 2022/01/20, 12:00:42.483, 5146962563029, vstest.console.dll, AssemblyResolver.AddSearchDirectories: Adding more searchDirectories C:\Program Files\dotnet\sdk\5.0.301\Extensions,C:\Program Files\dotnet\sdk\5.0.301
TpTrace Information: 0 : 13032, 1, 2022/01/20, 12:00:42.483, 5146962563298, vstest.console.dll, AssemblyResolver.AddSearchDirectories: Adding more searchDirectories C:\Program Files\dotnet\sdk\5.0.301\Extensions,C:\Program Files\dotnet\sdk\5.0.301
TpTrace Information: 0 : 13032, 1, 2022/01/20, 12:00:42.483, 5146962563496, vstest.console.dll, AssemblyResolver.AddSearchDirectories: Adding more searchDirectories C:\Program Files\dotnet\sdk\5.0.301\Extensions,C:\Program Files\dotnet\sdk\5.0.301
TpTrace Information: 0 : 13032, 1, 2022/01/20, 12:00:42.483, 5146962563686, vstest.console.dll, AssemblyResolver.AddSearchDirectories: Adding more searchDirectories C:\Program Files\dotnet\sdk\5.0.301\Extensions,C:\Program Files\dotnet\sdk\5.0.301
TpTrace Information: 0 : 13032, 1, 2022/01/20, 12:00:42.483, 5146962563869, vstest.console.dll, AssemblyResolver.AddSearchDirectories: Adding more searchDirectories C:\Program Files\dotnet\sdk\5.0.301\Extensions,C:\Program Files\dotnet\sdk\5.0.301
TpTrace Information: 0 : 13032, 1, 2022/01/20, 12:00:42.483, 5146962566286, vstest.console.dll, AssemblyResolver.OnResolve: Microsoft.Diagnostics.NETCore.Client: Resolving assembly.
TpTrace Information: 0 : 13032, 1, 2022/01/20, 12:00:42.483, 5146962566719, vstest.console.dll, AssemblyResolver.OnResolve: Microsoft.Diagnostics.NETCore.Client: Searching in: 'C:\Program Files\dotnet\sdk\5.0.301\Extensions'.
TpTrace Information: 0 : 13032, 1, 2022/01/20, 12:00:42.485, 5146962584090, vstest.console.dll, AssemblyResolver.OnResolve: Microsoft.Diagnostics.NETCore.Client: Loading assembly 'C:\Program Files\dotnet\sdk\5.0.301\Extensions\Microsoft.Diagnostics.NETCore.Client.dll'.
TpTrace Information: 0 : 13032, 1, 2022/01/20, 12:00:42.486, 5146962593511, vstest.console.dll, AssemblyResolver.OnResolve: Resolved assembly: Microsoft.Diagnostics.NETCore.Client, from path: C:\Program Files\dotnet\sdk\5.0.301\Extensions\Microsoft.Diagnostics.NETCore.Client.dll
TpTrace Information: 0 : 13032, 1, 2022/01/20, 12:00:42.488, 5146962617470, vstest.console.dll, AssemblyResolver.OnResolve: Microsoft.Bcl.AsyncInterfaces: Resolving assembly.
TpTrace Information: 0 : 13032, 1, 2022/01/20, 12:00:42.488, 5146962617899, vstest.console.dll, AssemblyResolver.OnResolve: Microsoft.Bcl.AsyncInterfaces: Searching in: 'C:\Program Files\dotnet\sdk\5.0.301\Extensions'.
TpTrace Information: 0 : 13032, 1, 2022/01/20, 12:00:42.489, 5146962618495, vstest.console.dll, AssemblyResolver.OnResolve: Microsoft.Bcl.AsyncInterfaces: Assembly path does not exist: 'C:\Program Files\dotnet\sdk\5.0.301\Extensions\Microsoft.Bcl.AsyncInterfaces.dll', returning.
TpTrace Information: 0 : 13032, 1, 2022/01/20, 12:00:42.489, 5146962618888, vstest.console.dll, AssemblyResolver.OnResolve: Microsoft.Bcl.AsyncInterfaces: Assembly path does not exist: 'C:\Program Files\dotnet\sdk\5.0.301\Extensions\Microsoft.Bcl.AsyncInterfaces.exe', returning.
TpTrace Information: 0 : 13032, 1, 2022/01/20, 12:00:42.489, 5146962619108, vstest.console.dll, AssemblyResolver.OnResolve: Microsoft.Bcl.AsyncInterfaces: Searching in: 'C:\Program Files\dotnet\sdk\5.0.301'.
TpTrace Information: 0 : 13032, 1, 2022/01/20, 12:00:42.489, 5146962619503, vstest.console.dll, AssemblyResolver.OnResolve: Microsoft.Bcl.AsyncInterfaces: Assembly path does not exist: 'C:\Program Files\dotnet\sdk\5.0.301\Microsoft.Bcl.AsyncInterfaces.dll', returning.
TpTrace Information: 0 : 13032, 1, 2022/01/20, 12:00:42.489, 5146962620025, vstest.console.dll, AssemblyResolver.OnResolve: Microsoft.Bcl.AsyncInterfaces: Assembly path does not exist: 'C:\Program Files\dotnet\sdk\5.0.301\Microsoft.Bcl.AsyncInterfaces.exe', returning.
TpTrace Information: 0 : 13032, 1, 2022/01/20, 12:00:42.489, 5146962620504, vstest.console.dll, AssemblyResolver.OnResolve: Microsoft.Bcl.AsyncInterfaces: Failed to load assembly.
TpTrace Verbose: 0 : 13032, 1, 2022/01/20, 12:00:42.489, 5146962620838, vstest.console.dll, CurrentDomainAssemblyResolve: Resolving assembly 'Microsoft.Bcl.AsyncInterfaces'.
TpTrace Information: 0 : 13032, 1, 2022/01/20, 12:00:42.489, 5146962621229, vstest.console.dll, AssemblyResolver.OnResolve: Microsoft.Bcl.AsyncInterfaces: Resolving assembly.
TpTrace Information: 0 : 13032, 1, 2022/01/20, 12:00:42.489, 5146962621437, vstest.console.dll, AssemblyResolver.OnResolve: Microsoft.Bcl.AsyncInterfaces: Resolved from cache.
TpTrace Verbose: 0 : 13032, 1, 2022/01/20, 12:00:42.489, 5146962621646, vstest.console.dll, CurrentDomainAssemblyResolve: Resolving assembly 'Microsoft.Bcl.AsyncInterfaces'.
TpTrace Verbose: 0 : 13032, 1, 2022/01/20, 12:00:42.489, 5146962621842, vstest.console.dll, CurrentDomainAssemblyResolve: Failed to resolve assembly 'Microsoft.Bcl.AsyncInterfaces'.
TpTrace Verbose: 0 : 13032, 1, 2022/01/20, 12:00:42.489, 5146962627445, vstest.console.dll, CurrentDomainAssemblyResolve: Failed to resolve assembly 'Microsoft.Bcl.AsyncInterfaces'.
TpTrace Warning: 0 : 13032, 1, 2022/01/20, 12:00:42.503, 5146962760259, vstest.console.dll, TestPluginDiscoverer: Failed to get types from assembly 'Microsoft.Diagnostics.NETCore.Client, Version=0.2.2.41902, Culture=neutral, PublicKeyToken=31bf3856ad364e35'.  Skipping test extension scan for this assembly.  Error: System.Reflection.ReflectionTypeLoadException: Unable to load one or more of the requested types.
Could not load file or assembly 'Microsoft.Bcl.AsyncInterfaces, Version=1.0.0.0, Culture=neutral, PublicKeyToken=cc7b13ffcd2ddd51'. Het systeem kan het opgegeven bestand niet vinden.
   at System.Reflection.RuntimeModule.GetTypes(RuntimeModule module)
   at System.Reflection.RuntimeModule.GetTypes()
   at System.Reflection.Assembly.GetTypes()
   at Microsoft.VisualStudio.TestPlatform.Common.ExtensionFramework.TestPluginDiscoverer.GetTestExtensionsFromAssembly[TPluginInfo,TExtension](Assembly assembly, Dictionary`2 pluginInfos)
System.IO.FileNotFoundException: Could not load file or assembly 'Microsoft.Bcl.AsyncInterfaces, Version=1.0.0.0, Culture=neutral, PublicKeyToken=cc7b13ffcd2ddd51'. Het systeem kan het opgegeven bestand niet vinden.
File name: 'Microsoft.Bcl.AsyncInterfaces, Version=1.0.0.0, Culture=neutral, PublicKeyToken=cc7b13ffcd2ddd51'
TpTrace Warning: 0 : 13032, 1, 2022/01/20, 12:00:42.503, 5146962761224, vstest.console.dll, LoaderExceptions: System.IO.FileNotFoundException: Could not load file or assembly 'Microsoft.Bcl.AsyncInterfaces, Version=1.0.0.0, Culture=neutral, PublicKeyToken=cc7b13ffcd2ddd51'. Het systeem kan het opgegeven bestand niet vinden.
File name: 'Microsoft.Bcl.AsyncInterfaces, Version=1.0.0.0, Culture=neutral, PublicKeyToken=cc7b13ffcd2ddd51'
TpTrace Information: 0 : 13032, 1, 2022/01/20, 12:00:42.503, 5146962762016, vstest.console.dll, AssemblyResolver.OnResolve: Microsoft.TestPlatform.Extensions.BlameDataCollector: Resolving assembly.
TpTrace Information: 0 : 13032, 1, 2022/01/20, 12:00:42.503, 5146962762292, vstest.console.dll, AssemblyResolver.OnResolve: Microsoft.TestPlatform.Extensions.BlameDataCollector: Searching in: 'C:\Program Files\dotnet\sdk\5.0.301\Extensions'.
TpTrace Information: 0 : 13032, 1, 2022/01/20, 12:00:42.504, 5146962773992, vstest.console.dll, AssemblyResolver.OnResolve: Microsoft.TestPlatform.Extensions.BlameDataCollector: Loading assembly 'C:\Program Files\dotnet\sdk\5.0.301\Extensions\Microsoft.TestPlatform.Extensions.BlameDataCollector.dll'.
TpTrace Information: 0 : 13032, 1, 2022/01/20, 12:00:42.505, 5146962784399, vstest.console.dll, AssemblyResolver.OnResolve: Resolved assembly: Microsoft.TestPlatform.Extensions.BlameDataCollector, from path: C:\Program Files\dotnet\sdk\5.0.301\Extensions\Microsoft.TestPlatform.Extensions.BlameDataCollector.dll
TpTrace Information: 0 : 13032, 1, 2022/01/20, 12:00:42.506, 5146962791594, vstest.console.dll, AssemblyResolver.OnResolve: Microsoft.TestPlatform.Extensions.EventLogCollector: Resolving assembly.
TpTrace Information: 0 : 13032, 1, 2022/01/20, 12:00:42.506, 5146962792030, vstest.console.dll, AssemblyResolver.OnResolve: Microsoft.TestPlatform.Extensions.EventLogCollector: Searching in: 'C:\Program Files\dotnet\sdk\5.0.301\Extensions'.
TpTrace Information: 0 : 13032, 1, 2022/01/20, 12:00:42.507, 5146962806461, vstest.console.dll, AssemblyResolver.OnResolve: Microsoft.TestPlatform.Extensions.EventLogCollector: Loading assembly 'C:\Program Files\dotnet\sdk\5.0.301\Extensions\Microsoft.TestPlatform.Extensions.EventLogCollector.dll'.
TpTrace Information: 0 : 13032, 1, 2022/01/20, 12:00:42.508, 5146962809496, vstest.console.dll, AssemblyResolver.OnResolve: Resolved assembly: Microsoft.TestPlatform.Extensions.EventLogCollector, from path: C:\Program Files\dotnet\sdk\5.0.301\Extensions\Microsoft.TestPlatform.Extensions.EventLogCollector.dll
TpTrace Information: 0 : 13032, 1, 2022/01/20, 12:00:42.509, 5146962822861, vstest.console.dll, AssemblyResolver.OnResolve: Microsoft.TestPlatform.TestHostRuntimeProvider: Resolving assembly.
TpTrace Information: 0 : 13032, 1, 2022/01/20, 12:00:42.509, 5146962823295, vstest.console.dll, AssemblyResolver.OnResolve: Microsoft.TestPlatform.TestHostRuntimeProvider: Searching in: 'C:\Program Files\dotnet\sdk\5.0.301\Extensions'.
TpTrace Information: 0 : 13032, 1, 2022/01/20, 12:00:42.510, 5146962835518, vstest.console.dll, AssemblyResolver.OnResolve: Microsoft.TestPlatform.TestHostRuntimeProvider: Loading assembly 'C:\Program Files\dotnet\sdk\5.0.301\Extensions\Microsoft.TestPlatform.TestHostRuntimeProvider.dll'.
TpTrace Information: 0 : 13032, 1, 2022/01/20, 12:00:42.511, 5146962838758, vstest.console.dll, AssemblyResolver.OnResolve: Resolved assembly: Microsoft.TestPlatform.TestHostRuntimeProvider, from path: C:\Program Files\dotnet\sdk\5.0.301\Extensions\Microsoft.TestPlatform.TestHostRuntimeProvider.dll
TpTrace Information: 0 : 13032, 1, 2022/01/20, 12:00:42.511, 5146962846692, vstest.console.dll, AssemblyResolver.OnResolve: Microsoft.VisualStudio.TestPlatform.Extensions.Html.TestLogger: Resolving assembly.
TpTrace Information: 0 : 13032, 1, 2022/01/20, 12:00:42.511, 5146962847097, vstest.console.dll, AssemblyResolver.OnResolve: Microsoft.VisualStudio.TestPlatform.Extensions.Html.TestLogger: Searching in: 'C:\Program Files\dotnet\sdk\5.0.301\Extensions'.
TpTrace Information: 0 : 13032, 1, 2022/01/20, 12:00:42.512, 5146962855989, vstest.console.dll, AssemblyResolver.OnResolve: Microsoft.VisualStudio.TestPlatform.Extensions.Html.TestLogger: Loading assembly 'C:\Program Files\dotnet\sdk\5.0.301\Extensions\Microsoft.VisualStudio.TestPlatform.Extensions.Html.TestLogger.dll'.
TpTrace Information: 0 : 13032, 1, 2022/01/20, 12:00:42.513, 5146962862301, vstest.console.dll, AssemblyResolver.OnResolve: Resolved assembly: Microsoft.VisualStudio.TestPlatform.Extensions.Html.TestLogger, from path: C:\Program Files\dotnet\sdk\5.0.301\Extensions\Microsoft.VisualStudio.TestPlatform.Extensions.Html.TestLogger.dll
TpTrace Information: 0 : 13032, 1, 2022/01/20, 12:00:42.513, 5146962865028, vstest.console.dll, AssemblyResolver.OnResolve: Microsoft.VisualStudio.TestPlatform.Extensions.Trx.TestLogger: Resolving assembly.
TpTrace Information: 0 : 13032, 1, 2022/01/20, 12:00:42.513, 5146962865558, vstest.console.dll, AssemblyResolver.OnResolve: Microsoft.VisualStudio.TestPlatform.Extensions.Trx.TestLogger: Searching in: 'C:\Program Files\dotnet\sdk\5.0.301\Extensions'.
TpTrace Information: 0 : 13032, 1, 2022/01/20, 12:00:42.515, 5146962883964, vstest.console.dll, AssemblyResolver.OnResolve: Microsoft.VisualStudio.TestPlatform.Extensions.Trx.TestLogger: Loading assembly 'C:\Program Files\dotnet\sdk\5.0.301\Extensions\Microsoft.VisualStudio.TestPlatform.Extensions.Trx.TestLogger.dll'.
TpTrace Information: 0 : 13032, 1, 2022/01/20, 12:00:42.516, 5146962894230, vstest.console.dll, AssemblyResolver.OnResolve: Resolved assembly: Microsoft.VisualStudio.TestPlatform.Extensions.Trx.TestLogger, from path: C:\Program Files\dotnet\sdk\5.0.301\Extensions\Microsoft.VisualStudio.TestPlatform.Extensions.Trx.TestLogger.dll
TpTrace Verbose: 0 : 13032, 1, 2022/01/20, 12:00:42.516, 5146962897634, vstest.console.dll, TestPluginCache: Discovered the extensions using extension path ''.
TpTrace Verbose: 0 : 13032, 1, 2022/01/20, 12:00:42.516, 5146962898029, vstest.console.dll, TestPluginCache: Discoverers are ''.
TpTrace Verbose: 0 : 13032, 1, 2022/01/20, 12:00:42.516, 5146962898213, vstest.console.dll, TestPluginCache: Executors are ''.
TpTrace Verbose: 0 : 13032, 1, 2022/01/20, 12:00:42.517, 5146962898426, vstest.console.dll, TestPluginCache: Executors2 are ''.
TpTrace Verbose: 0 : 13032, 1, 2022/01/20, 12:00:42.517, 5146962898592, vstest.console.dll, TestPluginCache: Setting providers are ''.
TpTrace Verbose: 0 : 13032, 1, 2022/01/20, 12:00:42.517, 5146962898755, vstest.console.dll, TestPluginCache: Loggers are ''.
TpTrace Information: 0 : 13032, 1, 2022/01/20, 12:00:42.520, 5146962934665, vstest.console.dll, RunTestsArgumentProcessor:Execute: Test run is starting.
TpTrace Verbose: 0 : 13032, 1, 2022/01/20, 12:00:42.520, 5146962935298, vstest.console.dll, RunTestsArgumentProcessor:Execute: Queuing Test run.
TpTrace Information: 0 : 13032, 1, 2022/01/20, 12:00:42.520, 5146962936722, vstest.console.dll, TestRequestManager.RunTests: run tests started.
TpTrace Information: 0 : 13032, 1, 2022/01/20, 12:00:42.523, 5146962961554, vstest.console.dll, AssemblyMetadataProvider.GetFrameWork: Determined framework:'.NETCoreApp,Version=v5.0' for source: 'C:\Users\rsmar\Source\Repos\WebstorePhones\WebstorePhones.Testing\bin\Debug\net5.0\fine-code-coverage\build-output\WebstorePhones.Testing.dll'
TpTrace Information: 0 : 13032, 1, 2022/01/20, 12:00:42.523, 5146962962744, vstest.console.dll, Determined framework for all sources: .NETCoreApp,Version=v5.0
TpTrace Information: 0 : 13032, 1, 2022/01/20, 12:00:42.524, 5146962968405, vstest.console.dll, AssemblyMetadataProvider.GetArchitecture: Determined architecture:AnyCPU info for assembly: C:\Users\rsmar\Source\Repos\WebstorePhones\WebstorePhones.Testing\bin\Debug\net5.0\fine-code-coverage\build-output\WebstorePhones.Testing.dll
TpTrace Information: 0 : 13032, 1, 2022/01/20, 12:00:42.525, 5146962980854, vstest.console.dll, Determined platform for all sources: X64
TpTrace Information: 0 : 13032, 1, 2022/01/20, 12:00:42.526, 5146962997497, vstest.console.dll, Compatible sources list : 
TpTrace Information: 0 : 13032, 1, 2022/01/20, 12:00:42.526, 5146962998066, vstest.console.dll, C:\Users\rsmar\Source\Repos\WebstorePhones\WebstorePhones.Testing\bin\Debug\net5.0\fine-code-coverage\build-output\WebstorePhones.Testing.dll
TpTrace Information: 0 : 13032, 1, 2022/01/20, 12:00:42.532, 5146963052189, vstest.console.dll, InferRunSettingsHelper.IsTestSettingsEnabled: Unable to navigate to RunSettings/MSTest. Current node: RunSettings
TpTrace Information: 0 : 13032, 1, 2022/01/20, 12:00:42.533, 5146963058391, vstest.console.dll, AssemblyResolver.OnResolve: Microsoft.VisualStudio.TestPlatform.Fakes: Resolving assembly.
TpTrace Information: 0 : 13032, 1, 2022/01/20, 12:00:42.533, 5146963059093, vstest.console.dll, AssemblyResolver.OnResolve: Microsoft.VisualStudio.TestPlatform.Fakes: Searching in: 'C:\Program Files\dotnet\sdk\5.0.301\Extensions'.
TpTrace Information: 0 : 13032, 1, 2022/01/20, 12:00:42.533, 5146963060116, vstest.console.dll, AssemblyResolver.OnResolve: Microsoft.VisualStudio.TestPlatform.Fakes: Assembly path does not exist: 'C:\Program Files\dotnet\sdk\5.0.301\Extensions\Microsoft.VisualStudio.TestPlatform.Fakes.dll', returning.
TpTrace Information: 0 : 13032, 1, 2022/01/20, 12:00:42.533, 5146963060694, vstest.console.dll, AssemblyResolver.OnResolve: Microsoft.VisualStudio.TestPlatform.Fakes: Assembly path does not exist: 'C:\Program Files\dotnet\sdk\5.0.301\Extensions\Microsoft.VisualStudio.TestPlatform.Fakes.exe', returning.
TpTrace Information: 0 : 13032, 1, 2022/01/20, 12:00:42.533, 5146963061441, vstest.console.dll, AssemblyResolver.OnResolve: Microsoft.VisualStudio.TestPlatform.Fakes: Searching in: 'C:\Program Files\dotnet\sdk\5.0.301'.
TpTrace Information: 0 : 13032, 1, 2022/01/20, 12:00:42.533, 5146963062179, vstest.console.dll, AssemblyResolver.OnResolve: Microsoft.VisualStudio.TestPlatform.Fakes: Assembly path does not exist: 'C:\Program Files\dotnet\sdk\5.0.301\Microsoft.VisualStudio.TestPlatform.Fakes.dll', returning.
TpTrace Information: 0 : 13032, 1, 2022/01/20, 12:00:42.533, 5146963062686, vstest.console.dll, AssemblyResolver.OnResolve: Microsoft.VisualStudio.TestPlatform.Fakes: Assembly path does not exist: 'C:\Program Files\dotnet\sdk\5.0.301\Microsoft.VisualStudio.TestPlatform.Fakes.exe', returning.
TpTrace Information: 0 : 13032, 1, 2022/01/20, 12:00:42.533, 5146963062957, vstest.console.dll, AssemblyResolver.OnResolve: Microsoft.VisualStudio.TestPlatform.Fakes: Failed to load assembly.
TpTrace Information: 0 : 13032, 1, 2022/01/20, 12:00:42.534, 5146963070703, vstest.console.dll, Failed to create newly implemented Fakes Configurator. Reason:System.IO.FileNotFoundException: Could not load file or assembly 'Microsoft.VisualStudio.TestPlatform.Fakes, Version=16.0.0.0, Culture=neutral, PublicKeyToken=null'. Het systeem kan het opgegeven bestand niet vinden.
File name: 'Microsoft.VisualStudio.TestPlatform.Fakes, Version=16.0.0.0, Culture=neutral, PublicKeyToken=null'
   at System.Reflection.RuntimeAssembly.InternalLoad(ObjectHandleOnStack assemblyName, ObjectHandleOnStack requestingAssembly, StackCrawlMarkHandle stackMark, Boolean throwOnFileNotFound, ObjectHandleOnStack assemblyLoadContext, ObjectHandleOnStack retAssembly)
   at System.Reflection.RuntimeAssembly.InternalLoad(AssemblyName assemblyName, RuntimeAssembly requestingAssembly, StackCrawlMark& stackMark, Boolean throwOnFileNotFound, AssemblyLoadContext assemblyLoadContext)
   at System.Reflection.Assembly.Load(AssemblyName assemblyRef)
   at Microsoft.VisualStudio.TestPlatform.Common.Utilities.FakesUtilities.TryGetFakesCrossPlatformDataCollectorConfigurator() 
TpTrace Verbose: 0 : 13032, 1, 2022/01/20, 12:00:42.538, 5146963112491, vstest.console.dll, TestPluginCache.DiscoverTestExtensions: finding test extensions in assemblies ends with: TestLogger.dll TPluginInfo: Microsoft.VisualStudio.TestPlatform.Common.ExtensionFramework.Utilities.TestLoggerPluginInformation TExtension: Microsoft.VisualStudio.TestPlatform.ObjectModel.Client.ITestLogger
TpTrace Verbose: 0 : 13032, 1, 2022/01/20, 12:00:42.538, 5146963113308, vstest.console.dll, TestPluginCache.GetExtensionPaths: Filtered extension paths: 
TpTrace Verbose: 0 : 13032, 1, 2022/01/20, 12:00:42.538, 5146963113615, vstest.console.dll, TestPluginCache.GetExtensionPaths: Added default extension paths: C:\Program Files\dotnet\sdk\5.0.301\Extensions\Microsoft.Diagnostics.NETCore.Client.dll
C:\Program Files\dotnet\sdk\5.0.301\Extensions\Microsoft.TestPlatform.Extensions.BlameDataCollector.dll
C:\Program Files\dotnet\sdk\5.0.301\Extensions\Microsoft.TestPlatform.Extensions.EventLogCollector.dll
C:\Program Files\dotnet\sdk\5.0.301\Extensions\Microsoft.TestPlatform.TestHostRuntimeProvider.dll
C:\Program Files\dotnet\sdk\5.0.301\Extensions\Microsoft.VisualStudio.TestPlatform.Extensions.Html.TestLogger.dll
C:\Program Files\dotnet\sdk\5.0.301\Extensions\Microsoft.VisualStudio.TestPlatform.Extensions.Trx.TestLogger.dll
TpTrace Verbose: 0 : 13032, 1, 2022/01/20, 12:00:42.538, 5146963113951, vstest.console.dll, TestPluginCache.GetExtensionPaths: Added unfilterableExtensionPaths: 
TpTrace Information: 0 : 13032, 1, 2022/01/20, 12:00:42.538, 5146963115348, vstest.console.dll, AssemblyResolver.AddSearchDirectories: Adding more searchDirectories C:\Program Files\dotnet\sdk\5.0.301\Extensions,C:\Program Files\dotnet\sdk\5.0.301
TpTrace Verbose: 0 : 13032, 1, 2022/01/20, 12:00:42.538, 5146963115781, vstest.console.dll, TestPluginCache.DiscoverTestExtensions: Discovering the extensions using extension path.
TpTrace Verbose: 0 : 13032, 1, 2022/01/20, 12:00:42.538, 5146963116568, vstest.console.dll, TestPluginCache.GetExtensionPaths: Filtered extension paths: 
TpTrace Verbose: 0 : 13032, 1, 2022/01/20, 12:00:42.538, 5146963116940, vstest.console.dll, TestPluginCache.GetExtensionPaths: Added default extension paths: C:\Program Files\dotnet\sdk\5.0.301\Extensions\Microsoft.Diagnostics.NETCore.Client.dll
C:\Program Files\dotnet\sdk\5.0.301\Extensions\Microsoft.TestPlatform.Extensions.BlameDataCollector.dll
C:\Program Files\dotnet\sdk\5.0.301\Extensions\Microsoft.TestPlatform.Extensions.EventLogCollector.dll
C:\Program Files\dotnet\sdk\5.0.301\Extensions\Microsoft.TestPlatform.TestHostRuntimeProvider.dll
C:\Program Files\dotnet\sdk\5.0.301\Extensions\Microsoft.VisualStudio.TestPlatform.Extensions.Html.TestLogger.dll
C:\Program Files\dotnet\sdk\5.0.301\Extensions\Microsoft.VisualStudio.TestPlatform.Extensions.Trx.TestLogger.dll
TpTrace Verbose: 0 : 13032, 1, 2022/01/20, 12:00:42.538, 5146963117220, vstest.console.dll, TestPluginCache.GetExtensionPaths: Added unfilterableExtensionPaths: 
TpTrace Verbose: 0 : 13032, 1, 2022/01/20, 12:00:42.538, 5146963117549, vstest.console.dll, TestPluginCache.DiscoverTestExtensions: Discovering the extensions using allExtensionPaths: C:\Program Files\dotnet\sdk\5.0.301\Extensions\Microsoft.Diagnostics.NETCore.Client.dll
C:\Program Files\dotnet\sdk\5.0.301\Extensions\Microsoft.TestPlatform.Extensions.BlameDataCollector.dll
C:\Program Files\dotnet\sdk\5.0.301\Extensions\Microsoft.TestPlatform.Extensions.EventLogCollector.dll
C:\Program Files\dotnet\sdk\5.0.301\Extensions\Microsoft.TestPlatform.TestHostRuntimeProvider.dll
C:\Program Files\dotnet\sdk\5.0.301\Extensions\Microsoft.VisualStudio.TestPlatform.Extensions.Html.TestLogger.dll
C:\Program Files\dotnet\sdk\5.0.301\Extensions\Microsoft.VisualStudio.TestPlatform.Extensions.Trx.TestLogger.dll
TpTrace Information: 0 : 13032, 1, 2022/01/20, 12:00:42.538, 5146963117944, vstest.console.dll, AssemblyResolver.AddSearchDirectories: Adding more searchDirectories C:\Program Files\dotnet\sdk\5.0.301\Extensions,C:\Program Files\dotnet\sdk\5.0.301
TpTrace Information: 0 : 13032, 1, 2022/01/20, 12:00:42.538, 5146963118290, vstest.console.dll, AssemblyResolver.AddSearchDirectories: Adding more searchDirectories C:\Program Files\dotnet\sdk\5.0.301\Extensions,C:\Program Files\dotnet\sdk\5.0.301
TpTrace Information: 0 : 13032, 1, 2022/01/20, 12:00:42.539, 5146963118551, vstest.console.dll, AssemblyResolver.AddSearchDirectories: Adding more searchDirectories C:\Program Files\dotnet\sdk\5.0.301\Extensions,C:\Program Files\dotnet\sdk\5.0.301
TpTrace Information: 0 : 13032, 1, 2022/01/20, 12:00:42.539, 5146963118811, vstest.console.dll, AssemblyResolver.AddSearchDirectories: Adding more searchDirectories C:\Program Files\dotnet\sdk\5.0.301\Extensions,C:\Program Files\dotnet\sdk\5.0.301
TpTrace Information: 0 : 13032, 1, 2022/01/20, 12:00:42.539, 5146963119139, vstest.console.dll, AssemblyResolver.AddSearchDirectories: Adding more searchDirectories C:\Program Files\dotnet\sdk\5.0.301\Extensions,C:\Program Files\dotnet\sdk\5.0.301
TpTrace Information: 0 : 13032, 1, 2022/01/20, 12:00:42.539, 5146963119395, vstest.console.dll, AssemblyResolver.AddSearchDirectories: Adding more searchDirectories C:\Program Files\dotnet\sdk\5.0.301\Extensions,C:\Program Files\dotnet\sdk\5.0.301
TpTrace Information: 0 : 13032, 1, 2022/01/20, 12:00:42.539, 5146963121523, vstest.console.dll, AssemblyResolver.OnResolve: Microsoft.Bcl.AsyncInterfaces: Resolving assembly.
TpTrace Information: 0 : 13032, 1, 2022/01/20, 12:00:42.539, 5146963121972, vstest.console.dll, AssemblyResolver.OnResolve: Microsoft.Bcl.AsyncInterfaces: Resolved from cache.
TpTrace Verbose: 0 : 13032, 1, 2022/01/20, 12:00:42.539, 5146963122266, vstest.console.dll, CurrentDomainAssemblyResolve: Resolving assembly 'Microsoft.Bcl.AsyncInterfaces'.
TpTrace Information: 0 : 13032, 1, 2022/01/20, 12:00:42.539, 5146963122714, vstest.console.dll, AssemblyResolver.OnResolve: Microsoft.Bcl.AsyncInterfaces: Resolving assembly.
TpTrace Information: 0 : 13032, 1, 2022/01/20, 12:00:42.539, 5146963123001, vstest.console.dll, AssemblyResolver.OnResolve: Microsoft.Bcl.AsyncInterfaces: Resolved from cache.
TpTrace Verbose: 0 : 13032, 1, 2022/01/20, 12:00:42.539, 5146963123281, vstest.console.dll, CurrentDomainAssemblyResolve: Resolving assembly 'Microsoft.Bcl.AsyncInterfaces'.
TpTrace Verbose: 0 : 13032, 1, 2022/01/20, 12:00:42.539, 5146963123515, vstest.console.dll, CurrentDomainAssemblyResolve: Failed to resolve assembly 'Microsoft.Bcl.AsyncInterfaces'.
TpTrace Verbose: 0 : 13032, 1, 2022/01/20, 12:00:42.539, 5146963124835, vstest.console.dll, CurrentDomainAssemblyResolve: Failed to resolve assembly 'Microsoft.Bcl.AsyncInterfaces'.
TpTrace Warning: 0 : 13032, 1, 2022/01/20, 12:00:42.539, 5146963127100, vstest.console.dll, TestPluginDiscoverer: Failed to get types from assembly 'Microsoft.Diagnostics.NETCore.Client, Version=0.2.2.41902, Culture=neutral, PublicKeyToken=31bf3856ad364e35'.  Skipping test extension scan for this assembly.  Error: System.Reflection.ReflectionTypeLoadException: Unable to load one or more of the requested types.
Could not load file or assembly 'Microsoft.Bcl.AsyncInterfaces, Version=1.0.0.0, Culture=neutral, PublicKeyToken=cc7b13ffcd2ddd51'. Het systeem kan het opgegeven bestand niet vinden.
   at System.Reflection.RuntimeModule.GetTypes(RuntimeModule module)
   at System.Reflection.RuntimeModule.GetTypes()
   at System.Reflection.Assembly.GetTypes()
   at Microsoft.VisualStudio.TestPlatform.Common.ExtensionFramework.TestPluginDiscoverer.GetTestExtensionsFromAssembly[TPluginInfo,TExtension](Assembly assembly, Dictionary`2 pluginInfos)
System.IO.FileNotFoundException: Could not load file or assembly 'Microsoft.Bcl.AsyncInterfaces, Version=1.0.0.0, Culture=neutral, PublicKeyToken=cc7b13ffcd2ddd51'. Het systeem kan het opgegeven bestand niet vinden.
File name: 'Microsoft.Bcl.AsyncInterfaces, Version=1.0.0.0, Culture=neutral, PublicKeyToken=cc7b13ffcd2ddd51'
TpTrace Warning: 0 : 13032, 1, 2022/01/20, 12:00:42.539, 5146963127550, vstest.console.dll, LoaderExceptions: System.IO.FileNotFoundException: Could not load file or assembly 'Microsoft.Bcl.AsyncInterfaces, Version=1.0.0.0, Culture=neutral, PublicKeyToken=cc7b13ffcd2ddd51'. Het systeem kan het opgegeven bestand niet vinden.
File name: 'Microsoft.Bcl.AsyncInterfaces, Version=1.0.0.0, Culture=neutral, PublicKeyToken=cc7b13ffcd2ddd51'
TpTrace Verbose: 0 : 13032, 1, 2022/01/20, 12:00:42.540, 5146963130521, vstest.console.dll, TestPluginCache: Discovered the extensions using extension path ''.
TpTrace Verbose: 0 : 13032, 1, 2022/01/20, 12:00:42.540, 5146963130936, vstest.console.dll, TestPluginCache: Discoverers are ''.
TpTrace Verbose: 0 : 13032, 1, 2022/01/20, 12:00:42.540, 5146963131170, vstest.console.dll, TestPluginCache: Executors are ''.
TpTrace Verbose: 0 : 13032, 1, 2022/01/20, 12:00:42.540, 5146963131437, vstest.console.dll, TestPluginCache: Executors2 are ''.
TpTrace Verbose: 0 : 13032, 1, 2022/01/20, 12:00:42.540, 5146963131670, vstest.console.dll, TestPluginCache: Setting providers are ''.
TpTrace Verbose: 0 : 13032, 1, 2022/01/20, 12:00:42.540, 5146963132234, vstest.console.dll, TestPluginCache: Loggers are 'logger://Microsoft/TestPlatform/Extensions/Blame/v1,logger://Microsoft/TestPlatform/HtmlLogger/v1,logger://Microsoft/TestPlatform/TrxLogger/v1'.
TpTrace Information: 0 : 13032, 1, 2022/01/20, 12:00:42.540, 5146963137545, vstest.console.dll, TestPluginManager.CreateTestExtension: Attempting to load test extension: Microsoft.TestPlatform.Extensions.BlameDataCollector.BlameLogger
TpTrace Information: 0 : 13032, 1, 2022/01/20, 12:00:42.548, 5146963217435, vstest.console.dll, TestPluginManager.CreateTestExtension: Attempting to load test extension: Microsoft.VisualStudio.TestPlatform.CrossPlatEngine.Hosting.DefaultTestHostManager
TpTrace Information: 0 : 13032, 1, 2022/01/20, 12:00:42.549, 5146963219329, vstest.console.dll, TestPluginManager.CreateTestExtension: Attempting to load test extension: Microsoft.VisualStudio.TestPlatform.CrossPlatEngine.Hosting.DotnetTestHostManager
TpTrace Verbose: 0 : 13032, 1, 2022/01/20, 12:00:42.549, 5146963222328, vstest.console.dll, TestEngine: Initializing Parallel Execution as MaxCpuCount is set to: 1
TpTrace Information: 0 : 13032, 1, 2022/01/20, 12:00:42.549, 5146963225380, vstest.console.dll, InferRunSettingsHelper.IsTestSettingsEnabled: Unable to navigate to RunSettings/MSTest. Current node: RunSettings
TpTrace Verbose: 0 : 13032, 1, 2022/01/20, 12:00:42.572, 5146963452059, vstest.console.dll, TestRequestSender is acting as server
TpTrace Verbose: 0 : 13032, 4, 2022/01/20, 12:00:42.575, 5146963479223, vstest.console.dll, DataCollectionRequestSender.InitializeCommunication : Initialize communication. 
TpTrace Information: 0 : 13032, 4, 2022/01/20, 12:00:42.585, 5146963586074, vstest.console.dll, Listening on Endpoint : 127.0.0.1:62315
TpTrace Verbose: 0 : 13032, 4, 2022/01/20, 12:00:42.593, 5146963662685, vstest.console.dll, DotnetDataCollectionLauncher: Full path of dotnet.exe is C:\Program Files\dotnet\dotnet.exe
TpTrace Verbose: 0 : 13032, 4, 2022/01/20, 12:00:42.593, 5146963664681, vstest.console.dll, DotnetDataCollectionLauncher: Adding  --runtimeconfig "C:\Program Files\dotnet\sdk\5.0.301\datacollector.runtimeconfig.json" in args
TpTrace Verbose: 0 : 13032, 4, 2022/01/20, 12:00:42.593, 5146963665713, vstest.console.dll, DotnetDataCollectionLauncher: Adding  --depsfile "C:\Program Files\dotnet\sdk\5.0.301\datacollector.deps.json" in args
TpTrace Information: 0 : 13032, 4, 2022/01/20, 12:00:42.599, 5146963719138, vstest.console.dll, ProxyDataCollectionManager.Initialize: Launched datacollector processId: 2512 port: 62315
TpTrace Information: 0 : 13032, 4, 2022/01/20, 12:00:42.599, 5146963720641, vstest.console.dll, ProxyDataCollectionManager.Initialize: waiting for connection with timeout: 90 seconds
TpTrace Verbose: 0 : 13032, 4, 2022/01/20, 12:00:42.599, 5146963721209, vstest.console.dll, DataCollectionRequestSender.WaitForRequestHandlerConnection : Waiting for connection with timeout: 90000
TpTrace Information: 0 : 13032, 7, 2022/01/20, 12:00:42.719, 5146964919256, vstest.console.dll, Using the buffer size of 16384 bytes
TpTrace Verbose: 0 : 13032, 4, 2022/01/20, 12:00:42.719, 5146964919820, vstest.console.dll, ProxyDataCollectionManager.InvokeDataCollectionServiceAction: Starting.
TpTrace Information: 0 : 13032, 7, 2022/01/20, 12:00:42.719, 5146964920113, vstest.console.dll, Accepted Client request and set the flag
TpTrace Information: 0 : 13032, 4, 2022/01/20, 12:00:42.719, 5146964921201, vstest.console.dll, ProxyDataCollectionManager.BeforeTestRunStart: Get environment variable and port for datacollector processId: 2512 port: 62315
TpTrace Verbose: 0 : 13032, 4, 2022/01/20, 12:00:42.719, 5146964922547, vstest.console.dll, DataCollectionRequestSender.SendBeforeTestRunStartAndGetResult : Send BeforeTestRunStart message with settingsXml <RunSettings><RunConfiguration><ResultsDirectory>C:\Users\rsmar\Source\Repos\WebstorePhones\WebstorePhones.Testing\bin\Debug\net5.0\fine-code-coverage\coverage-tool-output</ResultsDirectory><TargetPlatform>X64</TargetPlatform><TargetFrameworkVersion>.NETCoreApp,Version=v5.0</TargetFrameworkVersion><DesignMode>False</DesignMode><CollectSourceInformation>False</CollectSourceInformation><TestAdaptersPaths>C:\Program Files\dotnet\sdk\5.0.301\Extensions</TestAdaptersPaths></RunConfiguration><LoggerRunSettings><Loggers><Logger friendlyName="blame" enabled="True" /><Logger friendlyName="Console" uri="logger://microsoft/TestPlatform/ConsoleLogger/v1" assemblyQualifiedName="Microsoft.VisualStudio.TestPlatform.CommandLine.Internal.ConsoleLogger, vstest.console, Version=15.0.0.0, Culture=neutral, PublicKeyToken=b03f5f7f11d50a3a" codeBase="C:\Program Files\dotnet\sdk\5.0.301\vstest.console.dll" enabled="True" /></Loggers></LoggerRunSettings><DataCollectionRunSettings><DataCollectors><DataCollector friendlyName="blame" enabled="True"><Configuration><ResultsDirectory>C:\Users\rsmar\Source\Repos\WebstorePhones\WebstorePhones.Testing\bin\Debug\net5.0\fine-code-coverage\coverage-tool-output</ResultsDirectory></Configuration></DataCollector></DataCollectors></DataCollectionRunSettings></RunSettings> and sources System.Linq.Enumerable+Concat2Iterator`1[System.String]: 
TpTrace Verbose: 0 : 13032, 4, 2022/01/20, 12:00:42.770, 5146965430036, vstest.console.dll, DataCollectionRequestSender.SendBeforeTestRunStartAndGetResult : Received message: (DataCollection.SendMessage) -> {
  "FriendlyName": null,
  "Uri": null,
  "TestCaseId": "00000000-0000-0000-0000-000000000000",
  "Message": "Logging DataCollector Diagnostics in file: C:\\Users\\rsmar\\Source\\Repos\\WebstorePhones\\WebstorePhones.Testing\\bin\\Debug\\net5.0\\fine-code-coverage\\coverage-tool-output\\diagnostics.datacollector.22-01-20_12-00-42_58992_4.log",
  "Level": 0
}
TpTrace Verbose: 0 : 13032, 4, 2022/01/20, 12:00:42.816, 5146965893718, vstest.console.dll, DataCollectionRequestSender.SendBeforeTestRunStartAndGetResult : Received message: (DataCollection.BeforeTestRunStartResult) -> {
  "EnvironmentVariables": {},
  "DataCollectionEventsPort": 62317
}
TpTrace Information: 0 : 13032, 4, 2022/01/20, 12:00:42.819, 5146965918967, vstest.console.dll, ProxyDataCollectionManager.BeforeTestRunStart: SendBeforeTestRunStartAndGetResult successful, env variable from datacollector:   and testhost port: 62317
TpTrace Information: 0 : 13032, 4, 2022/01/20, 12:00:42.819, 5146965919606, vstest.console.dll, ProxyDataCollectionManager.InvokeDataCollectionServiceAction: Completed.
TpTrace Verbose: 0 : 13032, 1, 2022/01/20, 12:00:42.819, 5146965921284, vstest.console.dll, TestRunRequest.ExecuteAsync: Creating test run request.
TpTrace Verbose: 0 : 13032, 1, 2022/01/20, 12:00:42.819, 5146965923109, vstest.console.dll, TestRunRequest.ExecuteAsync: Starting.
TpTrace Information: 0 : 13032, 1, 2022/01/20, 12:00:42.819, 5146965924956, vstest.console.dll, TestRunRequest.ExecuteAsync: Starting run with settings:TestRunCriteria:
   KeepAlive=False,FrequencyOfRunStatsChangeEvent=10,RunStatsChangeEventTimeout=00:00:01.5000000,TestCaseFilter=,TestExecutorLauncher=
   Settingsxml=<RunSettings>
  <RunConfiguration>
    <ResultsDirectory>C:\Users\rsmar\Source\Repos\WebstorePhones\WebstorePhones.Testing\bin\Debug\net5.0\fine-code-coverage\coverage-tool-output</ResultsDirectory>
    <TargetPlatform>X64</TargetPlatform>
    <TargetFrameworkVersion>.NETCoreApp,Version=v5.0</TargetFrameworkVersion>
    <DesignMode>False</DesignMode>
    <CollectSourceInformation>False</CollectSourceInformation>
  </RunConfiguration>
  <LoggerRunSettings>
    <Loggers>
      <Logger friendlyName="blame" enabled="True" />
      <Logger friendlyName="Console" uri="logger://microsoft/TestPlatform/ConsoleLogger/v1" assemblyQualifiedName="Microsoft.VisualStudio.TestPlatform.CommandLine.Internal.ConsoleLogger, vstest.console, Version=15.0.0.0, Culture=neutral, PublicKeyToken=b03f5f7f11d50a3a" codeBase="C:\Program Files\dotnet\sdk\5.0.301\vstest.console.dll" enabled="True" />
    </Loggers>
  </LoggerRunSettings>
  <DataCollectionRunSettings>
    <DataCollectors>
      <DataCollector friendlyName="blame" enabled="True">
        <Configuration>
          <ResultsDirectory>C:\Users\rsmar\Source\Repos\WebstorePhones\WebstorePhones.Testing\bin\Debug\net5.0\fine-code-coverage\coverage-tool-output</ResultsDirectory>
        </Configuration>
      </DataCollector>
    </DataCollectors>
  </DataCollectionRunSettings>
</RunSettings>

TpTrace Verbose: 0 : 13032, 1, 2022/01/20, 12:00:42.819, 5146965925331, vstest.console.dll, TestRunRequest.ExecuteAsync: Wait for the first run request is over.
TpTrace Verbose: 0 : 13032, 1, 2022/01/20, 12:00:42.820, 5146965928342, vstest.console.dll, ParallelProxyExecutionManager: Start execution. Total sources: 1
TpTrace Information: 0 : 13032, 1, 2022/01/20, 12:00:42.820, 5146965932346, vstest.console.dll, ProxyParallelExecutionManager: Triggering test run for next source: C:\Users\rsmar\Source\Repos\WebstorePhones\WebstorePhones.Testing\bin\Debug\net5.0\fine-code-coverage\build-output\WebstorePhones.Testing.dll
TpTrace Verbose: 0 : 13032, 1, 2022/01/20, 12:00:42.820, 5146965933718, vstest.console.dll, ProxyParallelExecutionManager: No sources available for execution.
TpTrace Verbose: 0 : 13032, 4, 2022/01/20, 12:00:42.820, 5146965933797, vstest.console.dll, ParallelProxyExecutionManager: Execution started. Started clients: 1
TpTrace Information: 0 : 13032, 1, 2022/01/20, 12:00:42.820, 5146965934430, vstest.console.dll, TestRunRequest.ExecuteAsync: Started.
TpTrace Verbose: 0 : 13032, 1, 2022/01/20, 12:00:42.820, 5146965935159, vstest.console.dll, TestRunRequest.WaitForCompletion: Waiting with timeout -1.
TpTrace Verbose: 0 : 13032, 4, 2022/01/20, 12:00:42.820, 5146965935912, vstest.console.dll, TestRunRequest:SendTestRunMessage: Starting.
TpTrace Information: 0 : 13032, 4, 2022/01/20, 12:00:42.820, 5146965936868, vstest.console.dll, TestRunRequest:SendTestRunMessage: Completed.
TpTrace Verbose: 0 : 13032, 4, 2022/01/20, 12:00:42.820, 5146965938157, vstest.console.dll, ProxyExecutionManager: Test host is always Lazy initialize.
TpTrace Verbose: 0 : 13032, 4, 2022/01/20, 12:00:42.821, 5146965939603, vstest.console.dll, TestRequestSender.InitializeCommunication: initialize communication. 
TpTrace Information: 0 : 13032, 4, 2022/01/20, 12:00:42.821, 5146965942737, vstest.console.dll, SocketServer.Start: Listening on endpoint : 127.0.0.1:62318
TpTrace Verbose: 0 : 13032, 4, 2022/01/20, 12:00:42.822, 5146965948604, vstest.console.dll, DotnetTestHostmanager: Adding  --runtimeconfig "C:\Users\rsmar\Source\Repos\WebstorePhones\WebstorePhones.Testing\bin\Debug\net5.0\fine-code-coverage\build-output\WebstorePhones.Testing.runtimeconfig.json" in args
TpTrace Verbose: 0 : 13032, 4, 2022/01/20, 12:00:42.822, 5146965949519, vstest.console.dll, DotnetTestHostmanager: Adding  --depsfile "C:\Users\rsmar\Source\Repos\WebstorePhones\WebstorePhones.Testing\bin\Debug\net5.0\fine-code-coverage\build-output\WebstorePhones.Testing.deps.json" in args
TpTrace Verbose: 0 : 13032, 4, 2022/01/20, 12:00:42.822, 5146965951268, vstest.console.dll, DotnetTestHostManager: Testhost.exe/testhost.x86.exe found at path: C:\Users\rsmar\Source\Repos\WebstorePhones\WebstorePhones.Testing\bin\Debug\net5.0\fine-code-coverage\build-output\testhost.exe
TpTrace Verbose: 0 : 13032, 4, 2022/01/20, 12:00:42.822, 5146965951638, vstest.console.dll, DotnetTestHostmanager: Full path of host exe is C:\Users\rsmar\Source\Repos\WebstorePhones\WebstorePhones.Testing\bin\Debug\net5.0\fine-code-coverage\build-output\testhost.exe
TpTrace Verbose: 0 : 13032, 6, 2022/01/20, 12:00:42.823, 5146965958967, vstest.console.dll, DotnetTestHostManager: Starting process 'C:\Users\rsmar\Source\Repos\WebstorePhones\WebstorePhones.Testing\bin\Debug\net5.0\fine-code-coverage\build-output\testhost.exe' with command line ' --runtimeconfig "C:\Users\rsmar\Source\Repos\WebstorePhones\WebstorePhones.Testing\bin\Debug\net5.0\fine-code-coverage\build-output\WebstorePhones.Testing.runtimeconfig.json" --depsfile "C:\Users\rsmar\Source\Repos\WebstorePhones\WebstorePhones.Testing\bin\Debug\net5.0\fine-code-coverage\build-output\WebstorePhones.Testing.deps.json" --port 62318 --endpoint 127.0.0.1:062318 --role client --parentprocessid 13032 --diag "C:\Users\rsmar\Source\Repos\WebstorePhones\WebstorePhones.Testing\bin\Debug\net5.0\fine-code-coverage\coverage-tool-output\diagnostics.host.22-01-20_12-00-42_82168_4.log" --tracelevel 4 --datacollectionport 62317 --telemetryoptedin false'
TpTrace Verbose: 0 : 13032, 6, 2022/01/20, 12:00:42.827, 5146966003514, vstest.console.dll, Test Runtime launched
TpTrace Verbose: 0 : 13032, 4, 2022/01/20, 12:00:42.827, 5146966007821, vstest.console.dll, TestRequestSender.WaitForRequestHandlerConnection: waiting for connection with timeout: 90000
TpTrace Verbose: 0 : 13032, 6, 2022/01/20, 12:00:42.959, 5146967326182, vstest.console.dll, SocketServer.OnClientConnected: Client connected for endPoint: 127.0.0.1:62318, starting MessageLoopAsync:
TpTrace Verbose: 0 : 13032, 14, 2022/01/20, 12:00:42.960, 5146967328356, vstest.console.dll, TcpClientExtensions.MessageLoopAsync: Polling on remoteEndPoint: 127.0.0.1:62319 localEndPoint: 127.0.0.1:62318
TpTrace Verbose: 0 : 13032, 14, 2022/01/20, 12:00:43.064, 5146968375407, vstest.console.dll, TcpClientExtensions.MessageLoopAsync: NotifyDataAvailable remoteEndPoint: 127.0.0.1:62319 localEndPoint: 127.0.0.1:62318
TpTrace Verbose: 0 : 13032, 14, 2022/01/20, 12:00:43.064, 5146968377530, vstest.console.dll, TestRequestSender.CheckVersionWithTestHost: onMessageReceived received message: (ProtocolVersion) -> 5
TpTrace Verbose: 0 : 13032, 14, 2022/01/20, 12:00:43.065, 5146968379955, vstest.console.dll, TcpClientExtensions.MessageLoopAsync: Polling on remoteEndPoint: 127.0.0.1:62319 localEndPoint: 127.0.0.1:62318
TpTrace Verbose: 0 : 13032, 4, 2022/01/20, 12:00:43.065, 5146968381540, vstest.console.dll, TestPluginCache.GetExtensionPaths: Filtered extension paths: 
TpTrace Verbose: 0 : 13032, 4, 2022/01/20, 12:00:43.065, 5146968382043, vstest.console.dll, TestPluginCache.GetExtensionPaths: Added default extension paths: C:\Program Files\dotnet\sdk\5.0.301\Extensions\Microsoft.Diagnostics.NETCore.Client.dll
C:\Program Files\dotnet\sdk\5.0.301\Extensions\Microsoft.TestPlatform.Extensions.BlameDataCollector.dll
C:\Program Files\dotnet\sdk\5.0.301\Extensions\Microsoft.TestPlatform.Extensions.EventLogCollector.dll
C:\Program Files\dotnet\sdk\5.0.301\Extensions\Microsoft.TestPlatform.TestHostRuntimeProvider.dll
C:\Program Files\dotnet\sdk\5.0.301\Extensions\Microsoft.VisualStudio.TestPlatform.Extensions.Html.TestLogger.dll
C:\Program Files\dotnet\sdk\5.0.301\Extensions\Microsoft.VisualStudio.TestPlatform.Extensions.Trx.TestLogger.dll
TpTrace Verbose: 0 : 13032, 4, 2022/01/20, 12:00:43.065, 5146968382337, vstest.console.dll, TestPluginCache.GetExtensionPaths: Added unfilterableExtensionPaths: 
TpTrace Verbose: 0 : 13032, 4, 2022/01/20, 12:00:43.067, 5146968402820, vstest.console.dll, TestRequestSender.InitializeExecution: Sending initializing execution with message: {"Version":5,"MessageType":"TestExecution.Initialize","Payload":["C:\\Users\\rsmar\\Source\\Repos\\WebstorePhones\\WebstorePhones.Testing\\bin\\Debug\\net5.0\\fine-code-coverage\\build-output\\xunit.runner.visualstudio.dotnetcore.testadapter.dll"]}
TpTrace Verbose: 0 : 13032, 14, 2022/01/20, 12:00:43.071, 5146968446646, vstest.console.dll, TcpClientExtensions.MessageLoopAsync: NotifyDataAvailable remoteEndPoint: 127.0.0.1:62319 localEndPoint: 127.0.0.1:62318
TpTrace Verbose: 0 : 13032, 14, 2022/01/20, 12:00:43.071, 5146968448043, vstest.console.dll, TestRequestSender.OnExecutionMessageReceived: Received message: {"Version":5,"MessageType":"TestSession.Message","Payload":{"MessageLevel":0,"Message":"Logging TestHost Diagnostics in file: C:\\Users\\rsmar\\Source\\Repos\\WebstorePhones\\WebstorePhones.Testing\\bin\\Debug\\net5.0\\fine-code-coverage\\coverage-tool-output\\diagnostics.host.22-01-20_12-00-42_82168_4.log"}}
TpTrace Verbose: 0 : 13032, 4, 2022/01/20, 12:00:43.071, 5146968448219, vstest.console.dll, TestRequestSender.StartTestRun: Sending test run with message: {"Version":5,"MessageType":"TestExecution.StartWithSources","Payload":{"AdapterSourceMap":{"_none_":["C:\\Users\\rsmar\\Source\\Repos\\WebstorePhones\\WebstorePhones.Testing\\bin\\Debug\\net5.0\\fine-code-coverage\\build-output\\WebstorePhones.Testing.dll"]},"RunSettings":"<RunSettings>\r\n  <RunConfiguration>\r\n    <ResultsDirectory>C:\\Users\\rsmar\\Source\\Repos\\WebstorePhones\\WebstorePhones.Testing\\bin\\Debug\\net5.0\\fine-code-coverage\\coverage-tool-output</ResultsDirectory>\r\n    <TargetPlatform>X64</TargetPlatform>\r\n    <TargetFrameworkVersion>.NETCoreApp,Version=v5.0</TargetFrameworkVersion>\r\n    <DesignMode>False</DesignMode>\r\n    <CollectSourceInformation>False</CollectSourceInformation>\r\n  </RunConfiguration>\r\n  <LoggerRunSettings>\r\n    <Loggers>\r\n      <Logger friendlyName=\"blame\" enabled=\"True\" />\r\n      <Logger friendlyName=\"Console\" uri=\"logger://microsoft/TestPlatform/ConsoleLogger/v1\" assemblyQualifiedName=\"Microsoft.VisualStudio.TestPlatform.CommandLine.Internal.ConsoleLogger, vstest.console, Version=15.0.0.0, Culture=neutral, PublicKeyToken=b03f5f7f11d50a3a\" codeBase=\"C:\\Program Files\\dotnet\\sdk\\5.0.301\\vstest.console.dll\" enabled=\"True\" />\r\n    </Loggers>\r\n  </LoggerRunSettings>\r\n  <DataCollectionRunSettings>\r\n    <DataCollectors>\r\n      <DataCollector friendlyName=\"blame\" enabled=\"True\">\r\n        <Configuration>\r\n          <ResultsDirectory>C:\\Users\\rsmar\\Source\\Repos\\WebstorePhones\\WebstorePhones.Testing\\bin\\Debug\\net5.0\\fine-code-coverage\\coverage-tool-output</ResultsDirectory>\r\n        </Configuration>\r\n      </DataCollector>\r\n    </DataCollectors>\r\n  </DataCollectionRunSettings>\r\n</RunSettings>","TestExecutionContext":{"FrequencyOfRunStatsChangeEvent":10,"RunStatsChangeEventTimeout":"00:00:01.5000000","InIsolation":false,"KeepAlive":false,"AreTestCaseLevelEventsRequired":false,"IsDebug":false,"TestCaseFilter":null,"FilterOptions":null},"Package":null}}
TpTrace Verbose: 0 : 13032, 14, 2022/01/20, 12:00:43.073, 5146968463349, vstest.console.dll, TestRunRequest:SendTestRunMessage: Starting.
TpTrace Information: 0 : 13032, 14, 2022/01/20, 12:00:43.073, 5146968464226, vstest.console.dll, TestRunRequest:SendTestRunMessage: Completed.
TpTrace Verbose: 0 : 13032, 14, 2022/01/20, 12:00:43.073, 5146968464567, vstest.console.dll, TcpClientExtensions.MessageLoopAsync: Polling on remoteEndPoint: 127.0.0.1:62319 localEndPoint: 127.0.0.1:62318
TpTrace Verbose: 0 : 13032, 14, 2022/01/20, 12:00:43.179, 5146969519330, vstest.console.dll, TcpClientExtensions.MessageLoopAsync: NotifyDataAvailable remoteEndPoint: 127.0.0.1:62319 localEndPoint: 127.0.0.1:62318
TpTrace Verbose: 0 : 13032, 14, 2022/01/20, 12:00:43.179, 5146969521039, vstest.console.dll, TestRequestSender.OnExecutionMessageReceived: Received message: {"Version":5,"MessageType":"TestSession.Message","Payload":{"MessageLevel":0,"Message":"[xUnit.net 00:00:00.00] xUnit.net VSTest Adapter v2.4.3+1b45f5407b (64-bit .NET 5.0.7)"}}
TpTrace Verbose: 0 : 13032, 14, 2022/01/20, 12:00:43.179, 5146969523365, vstest.console.dll, TestRunRequest:SendTestRunMessage: Starting.
TpTrace Information: 0 : 13032, 14, 2022/01/20, 12:00:43.179, 5146969523951, vstest.console.dll, TestRunRequest:SendTestRunMessage: Completed.
TpTrace Verbose: 0 : 13032, 14, 2022/01/20, 12:00:43.179, 5146969524255, vstest.console.dll, TcpClientExtensions.MessageLoopAsync: Polling on remoteEndPoint: 127.0.0.1:62319 localEndPoint: 127.0.0.1:62318
TpTrace Verbose: 0 : 13032, 14, 2022/01/20, 12:00:43.588, 5146973618128, vstest.console.dll, TcpClientExtensions.MessageLoopAsync: NotifyDataAvailable remoteEndPoint: 127.0.0.1:62319 localEndPoint: 127.0.0.1:62318
TpTrace Verbose: 0 : 13032, 14, 2022/01/20, 12:00:43.589, 5146973619543, vstest.console.dll, TestRequestSender.OnExecutionMessageReceived: Received message: {"Version":5,"MessageType":"TestSession.Message","Payload":{"MessageLevel":0,"Message":"[xUnit.net 00:00:00.41]   Discovering: WebstorePhones.Testing"}}
TpTrace Verbose: 0 : 13032, 14, 2022/01/20, 12:00:43.589, 5146973621192, vstest.console.dll, TestRunRequest:SendTestRunMessage: Starting.
TpTrace Information: 0 : 13032, 14, 2022/01/20, 12:00:43.589, 5146973621645, vstest.console.dll, TestRunRequest:SendTestRunMessage: Completed.
TpTrace Verbose: 0 : 13032, 14, 2022/01/20, 12:00:43.589, 5146973621972, vstest.console.dll, TcpClientExtensions.MessageLoopAsync: Polling on remoteEndPoint: 127.0.0.1:62319 localEndPoint: 127.0.0.1:62318
TpTrace Verbose: 0 : 13032, 14, 2022/01/20, 12:00:43.617, 5146973899895, vstest.console.dll, TcpClientExtensions.MessageLoopAsync: NotifyDataAvailable remoteEndPoint: 127.0.0.1:62319 localEndPoint: 127.0.0.1:62318
TpTrace Verbose: 0 : 13032, 14, 2022/01/20, 12:00:43.617, 5146973901177, vstest.console.dll, TestRequestSender.OnExecutionMessageReceived: Received message: {"Version":5,"MessageType":"TestSession.Message","Payload":{"MessageLevel":0,"Message":"[xUnit.net 00:00:00.44]   Discovered:  WebstorePhones.Testing"}}
TpTrace Verbose: 0 : 13032, 14, 2022/01/20, 12:00:43.617, 5146973903030, vstest.console.dll, TestRunRequest:SendTestRunMessage: Starting.
TpTrace Information: 0 : 13032, 14, 2022/01/20, 12:00:43.617, 5146973903551, vstest.console.dll, TestRunRequest:SendTestRunMessage: Completed.
TpTrace Verbose: 0 : 13032, 14, 2022/01/20, 12:00:43.617, 5146973903813, vstest.console.dll, TcpClientExtensions.MessageLoopAsync: Polling on remoteEndPoint: 127.0.0.1:62319 localEndPoint: 127.0.0.1:62318
TpTrace Verbose: 0 : 13032, 14, 2022/01/20, 12:00:43.618, 5146973918299, vstest.console.dll, TcpClientExtensions.MessageLoopAsync: NotifyDataAvailable remoteEndPoint: 127.0.0.1:62319 localEndPoint: 127.0.0.1:62318
TpTrace Verbose: 0 : 13032, 14, 2022/01/20, 12:00:43.619, 5146973919362, vstest.console.dll, TestRequestSender.OnExecutionMessageReceived: Received message: {"Version":5,"MessageType":"TestSession.Message","Payload":{"MessageLevel":0,"Message":"[xUnit.net 00:00:00.44]   Starting:    WebstorePhones.Testing"}}
TpTrace Verbose: 0 : 13032, 14, 2022/01/20, 12:00:43.619, 5146973920765, vstest.console.dll, TestRunRequest:SendTestRunMessage: Starting.
TpTrace Information: 0 : 13032, 14, 2022/01/20, 12:00:43.619, 5146973921148, vstest.console.dll, TestRunRequest:SendTestRunMessage: Completed.
TpTrace Verbose: 0 : 13032, 14, 2022/01/20, 12:00:43.619, 5146973921470, vstest.console.dll, TcpClientExtensions.MessageLoopAsync: Polling on remoteEndPoint: 127.0.0.1:62319 localEndPoint: 127.0.0.1:62318
TpTrace Verbose: 0 : 13032, 14, 2022/01/20, 12:00:43.768, 5146975411849, vstest.console.dll, TcpClientExtensions.MessageLoopAsync: NotifyDataAvailable remoteEndPoint: 127.0.0.1:62319 localEndPoint: 127.0.0.1:62318
TpTrace Verbose: 0 : 13032, 14, 2022/01/20, 12:00:43.768, 5146975413000, vstest.console.dll, TestRequestSender.OnExecutionMessageReceived: Received message: {"Version":5,"MessageType":"TestSession.Message","Payload":{"MessageLevel":2,"Message":"[xUnit.net 00:00:00.59]     WebstorePhones.Testing.PhoneService.Search.Should_Return_OnePhoneWithMatchingBrand [FAIL]"}}
TpTrace Verbose: 0 : 13032, 14, 2022/01/20, 12:00:43.768, 5146975414226, vstest.console.dll, TestRunRequest:SendTestRunMessage: Starting.
TpTrace Information: 0 : 13032, 14, 2022/01/20, 12:00:43.768, 5146975414598, vstest.console.dll, TestRunRequest:SendTestRunMessage: Completed.
TpTrace Verbose: 0 : 13032, 14, 2022/01/20, 12:00:43.768, 5146975414827, vstest.console.dll, TcpClientExtensions.MessageLoopAsync: Polling on remoteEndPoint: 127.0.0.1:62319 localEndPoint: 127.0.0.1:62318
TpTrace Verbose: 0 : 13032, 14, 2022/01/20, 12:00:43.768, 5146975416710, vstest.console.dll, TcpClientExtensions.MessageLoopAsync: NotifyDataAvailable remoteEndPoint: 127.0.0.1:62319 localEndPoint: 127.0.0.1:62318
TpTrace Verbose: 0 : 13032, 14, 2022/01/20, 12:00:43.768, 5146975417222, vstest.console.dll, TestRequestSender.OnExecutionMessageReceived: Received message: {"Version":5,"MessageType":"TestSession.Message","Payload":{"MessageLevel":0,"Message":"[xUnit.net 00:00:00.59]       System.NullReferenceException : Object reference not set to an instance of an object."}}
TpTrace Verbose: 0 : 13032, 14, 2022/01/20, 12:00:43.768, 5146975417928, vstest.console.dll, TestRunRequest:SendTestRunMessage: Starting.
TpTrace Information: 0 : 13032, 14, 2022/01/20, 12:00:43.768, 5146975418227, vstest.console.dll, TestRunRequest:SendTestRunMessage: Completed.
TpTrace Verbose: 0 : 13032, 14, 2022/01/20, 12:00:43.769, 5146975418471, vstest.console.dll, TcpClientExtensions.MessageLoopAsync: Polling on remoteEndPoint: 127.0.0.1:62319 localEndPoint: 127.0.0.1:62318
TpTrace Verbose: 0 : 13032, 14, 2022/01/20, 12:00:43.769, 5146975423068, vstest.console.dll, TcpClientExtensions.MessageLoopAsync: NotifyDataAvailable remoteEndPoint: 127.0.0.1:62319 localEndPoint: 127.0.0.1:62318
TpTrace Verbose: 0 : 13032, 14, 2022/01/20, 12:00:43.769, 5146975423843, vstest.console.dll, TestRequestSender.OnExecutionMessageReceived: Received message: {"Version":5,"MessageType":"TestSession.Message","Payload":{"MessageLevel":0,"Message":"[xUnit.net 00:00:00.59]       Stack Trace:"}}
TpTrace Verbose: 0 : 13032, 14, 2022/01/20, 12:00:43.769, 5146975425307, vstest.console.dll, TestRunRequest:SendTestRunMessage: Starting.
TpTrace Information: 0 : 13032, 14, 2022/01/20, 12:00:43.769, 5146975425754, vstest.console.dll, TestRunRequest:SendTestRunMessage: Completed.
TpTrace Verbose: 0 : 13032, 14, 2022/01/20, 12:00:43.769, 5146975426034, vstest.console.dll, TcpClientExtensions.MessageLoopAsync: Polling on remoteEndPoint: 127.0.0.1:62319 localEndPoint: 127.0.0.1:62318
TpTrace Verbose: 0 : 13032, 14, 2022/01/20, 12:00:43.771, 5146975443703, vstest.console.dll, TcpClientExtensions.MessageLoopAsync: NotifyDataAvailable remoteEndPoint: 127.0.0.1:62319 localEndPoint: 127.0.0.1:62318
TpTrace Verbose: 0 : 13032, 14, 2022/01/20, 12:00:43.771, 5146975444591, vstest.console.dll, TestRequestSender.OnExecutionMessageReceived: Received message: {"Version":5,"MessageType":"TestSession.Message","Payload":{"MessageLevel":0,"Message":"[xUnit.net 00:00:00.59]         C:\\Users\\rsmar\\Source\\Repos\\WebstorePhones\\WebstorePhones.Business\\Services\\PhoneService.cs(46,0): at WebstorePhones.Business.Services.PhoneService.<>c__DisplayClass4_0.<Search>b__1(Phone x)"}}
TpTrace Verbose: 0 : 13032, 14, 2022/01/20, 12:00:43.771, 5146975445702, vstest.console.dll, TestRunRequest:SendTestRunMessage: Starting.
TpTrace Information: 0 : 13032, 14, 2022/01/20, 12:00:43.771, 5146975446206, vstest.console.dll, TestRunRequest:SendTestRunMessage: Completed.
TpTrace Verbose: 0 : 13032, 14, 2022/01/20, 12:00:43.771, 5146975446407, vstest.console.dll, TcpClientExtensions.MessageLoopAsync: Polling on remoteEndPoint: 127.0.0.1:62319 localEndPoint: 127.0.0.1:62318
TpTrace Verbose: 0 : 13032, 14, 2022/01/20, 12:00:43.771, 5146975446657, vstest.console.dll, TcpClientExtensions.MessageLoopAsync: NotifyDataAvailable remoteEndPoint: 127.0.0.1:62319 localEndPoint: 127.0.0.1:62318
TpTrace Verbose: 0 : 13032, 14, 2022/01/20, 12:00:43.771, 5146975446964, vstest.console.dll, TestRequestSender.OnExecutionMessageReceived: Received message: {"Version":5,"MessageType":"TestSession.Message","Payload":{"MessageLevel":0,"Message":"[xUnit.net 00:00:00.59]            at System.Linq.Enumerable.WhereListIterator`1.ToList()"}}
TpTrace Verbose: 0 : 13032, 14, 2022/01/20, 12:00:43.771, 5146975447502, vstest.console.dll, TestRunRequest:SendTestRunMessage: Starting.
TpTrace Information: 0 : 13032, 14, 2022/01/20, 12:00:43.771, 5146975447760, vstest.console.dll, TestRunRequest:SendTestRunMessage: Completed.
TpTrace Verbose: 0 : 13032, 14, 2022/01/20, 12:00:43.771, 5146975447956, vstest.console.dll, TcpClientExtensions.MessageLoopAsync: Polling on remoteEndPoint: 127.0.0.1:62319 localEndPoint: 127.0.0.1:62318
TpTrace Verbose: 0 : 13032, 14, 2022/01/20, 12:00:43.771, 5146975448151, vstest.console.dll, TcpClientExtensions.MessageLoopAsync: NotifyDataAvailable remoteEndPoint: 127.0.0.1:62319 localEndPoint: 127.0.0.1:62318
TpTrace Verbose: 0 : 13032, 14, 2022/01/20, 12:00:43.772, 5146975448382, vstest.console.dll, TestRequestSender.OnExecutionMessageReceived: Received message: {"Version":5,"MessageType":"TestSession.Message","Payload":{"MessageLevel":0,"Message":"[xUnit.net 00:00:00.59]            at System.Linq.Enumerable.ToList[TSource](IEnumerable`1 source)"}}
TpTrace Verbose: 0 : 13032, 14, 2022/01/20, 12:00:43.772, 5146975448886, vstest.console.dll, TestRunRequest:SendTestRunMessage: Starting.
TpTrace Information: 0 : 13032, 14, 2022/01/20, 12:00:43.772, 5146975449097, vstest.console.dll, TestRunRequest:SendTestRunMessage: Completed.
TpTrace Verbose: 0 : 13032, 14, 2022/01/20, 12:00:43.772, 5146975449279, vstest.console.dll, TcpClientExtensions.MessageLoopAsync: Polling on remoteEndPoint: 127.0.0.1:62319 localEndPoint: 127.0.0.1:62318
TpTrace Verbose: 0 : 13032, 14, 2022/01/20, 12:00:43.772, 5146975449478, vstest.console.dll, TcpClientExtensions.MessageLoopAsync: NotifyDataAvailable remoteEndPoint: 127.0.0.1:62319 localEndPoint: 127.0.0.1:62318
TpTrace Verbose: 0 : 13032, 14, 2022/01/20, 12:00:43.772, 5146975449736, vstest.console.dll, TestRequestSender.OnExecutionMessageReceived: Received message: {"Version":5,"MessageType":"TestSession.Message","Payload":{"MessageLevel":0,"Message":"[xUnit.net 00:00:00.59]         C:\\Users\\rsmar\\Source\\Repos\\WebstorePhones\\WebstorePhones.Testing\\PhoneService\\Search.cs(33,0): at WebstorePhones.Testing.PhoneService.Search.Should_Return_OnePhoneWithMatchingBrand()"}}
TpTrace Verbose: 0 : 13032, 14, 2022/01/20, 12:00:43.772, 5146975450325, vstest.console.dll, TestRunRequest:SendTestRunMessage: Starting.
TpTrace Information: 0 : 13032, 14, 2022/01/20, 12:00:43.772, 5146975450558, vstest.console.dll, TestRunRequest:SendTestRunMessage: Completed.
TpTrace Verbose: 0 : 13032, 14, 2022/01/20, 12:00:43.772, 5146975450742, vstest.console.dll, TcpClientExtensions.MessageLoopAsync: Polling on remoteEndPoint: 127.0.0.1:62319 localEndPoint: 127.0.0.1:62318
TpTrace Verbose: 0 : 13032, 14, 2022/01/20, 12:00:43.773, 5146975466179, vstest.console.dll, TcpClientExtensions.MessageLoopAsync: NotifyDataAvailable remoteEndPoint: 127.0.0.1:62319 localEndPoint: 127.0.0.1:62318
TpTrace Verbose: 0 : 13032, 14, 2022/01/20, 12:00:43.773, 5146975467107, vstest.console.dll, TestRequestSender.OnExecutionMessageReceived: Received message: {"Version":5,"MessageType":"TestSession.Message","Payload":{"MessageLevel":2,"Message":"[xUnit.net 00:00:00.60]     WebstorePhones.Testing.PhoneService.Get.Should_CallBrandRepositoryTwice [FAIL]"}}
TpTrace Verbose: 0 : 13032, 14, 2022/01/20, 12:00:43.773, 5146975468154, vstest.console.dll, TestRunRequest:SendTestRunMessage: Starting.
TpTrace Information: 0 : 13032, 14, 2022/01/20, 12:00:43.774, 5146975468788, vstest.console.dll, TestRunRequest:SendTestRunMessage: Completed.
TpTrace Verbose: 0 : 13032, 14, 2022/01/20, 12:00:43.774, 5146975469218, vstest.console.dll, TcpClientExtensions.MessageLoopAsync: Polling on remoteEndPoint: 127.0.0.1:62319 localEndPoint: 127.0.0.1:62318
TpTrace Verbose: 0 : 13032, 14, 2022/01/20, 12:00:43.774, 5146975469446, vstest.console.dll, TcpClientExtensions.MessageLoopAsync: NotifyDataAvailable remoteEndPoint: 127.0.0.1:62319 localEndPoint: 127.0.0.1:62318
TpTrace Verbose: 0 : 13032, 14, 2022/01/20, 12:00:43.774, 5146975469711, vstest.console.dll, TestRequestSender.OnExecutionMessageReceived: Received message: {"Version":5,"MessageType":"TestSession.Message","Payload":{"MessageLevel":0,"Message":"[xUnit.net 00:00:00.60]       Moq.MockException : "}}
TpTrace Verbose: 0 : 13032, 14, 2022/01/20, 12:00:43.774, 5146975470433, vstest.console.dll, TestRunRequest:SendTestRunMessage: Starting.
TpTrace Information: 0 : 13032, 14, 2022/01/20, 12:00:43.774, 5146975470692, vstest.console.dll, TestRunRequest:SendTestRunMessage: Completed.
TpTrace Verbose: 0 : 13032, 14, 2022/01/20, 12:00:43.774, 5146975470961, vstest.console.dll, TcpClientExtensions.MessageLoopAsync: Polling on remoteEndPoint: 127.0.0.1:62319 localEndPoint: 127.0.0.1:62318
TpTrace Verbose: 0 : 13032, 14, 2022/01/20, 12:00:43.774, 5146975471301, vstest.console.dll, TcpClientExtensions.MessageLoopAsync: NotifyDataAvailable remoteEndPoint: 127.0.0.1:62319 localEndPoint: 127.0.0.1:62318
TpTrace Verbose: 0 : 13032, 14, 2022/01/20, 12:00:43.774, 5146975471573, vstest.console.dll, TestRequestSender.OnExecutionMessageReceived: Received message: {"Version":5,"MessageType":"TestSession.Message","Payload":{"MessageLevel":0,"Message":"[xUnit.net 00:00:00.60]       Expected invocation on the mock exactly 2 times, but was 0 times: x => x.GetById(It.IsAny<long>())"}}
TpTrace Verbose: 0 : 13032, 14, 2022/01/20, 12:00:43.774, 5146975472123, vstest.console.dll, TestRunRequest:SendTestRunMessage: Starting.
TpTrace Information: 0 : 13032, 14, 2022/01/20, 12:00:43.774, 5146975472493, vstest.console.dll, TestRunRequest:SendTestRunMessage: Completed.
TpTrace Verbose: 0 : 13032, 14, 2022/01/20, 12:00:43.774, 5146975473676, vstest.console.dll, TcpClientExtensions.MessageLoopAsync: Polling on remoteEndPoint: 127.0.0.1:62319 localEndPoint: 127.0.0.1:62318
TpTrace Verbose: 0 : 13032, 14, 2022/01/20, 12:00:43.774, 5146975474032, vstest.console.dll, TcpClientExtensions.MessageLoopAsync: NotifyDataAvailable remoteEndPoint: 127.0.0.1:62319 localEndPoint: 127.0.0.1:62318
TpTrace Verbose: 0 : 13032, 14, 2022/01/20, 12:00:43.774, 5146975474365, vstest.console.dll, TestRequestSender.OnExecutionMessageReceived: Received message: {"Version":5,"MessageType":"TestSession.Message","Payload":{"MessageLevel":0,"Message":"[xUnit.net 00:00:00.60]       "}}
TpTrace Verbose: 0 : 13032, 14, 2022/01/20, 12:00:43.774, 5146975475071, vstest.console.dll, TestRunRequest:SendTestRunMessage: Starting.
TpTrace Information: 0 : 13032, 14, 2022/01/20, 12:00:43.774, 5146975475358, vstest.console.dll, TestRunRequest:SendTestRunMessage: Completed.
TpTrace Verbose: 0 : 13032, 14, 2022/01/20, 12:00:43.774, 5146975475554, vstest.console.dll, TcpClientExtensions.MessageLoopAsync: Polling on remoteEndPoint: 127.0.0.1:62319 localEndPoint: 127.0.0.1:62318
TpTrace Verbose: 0 : 13032, 14, 2022/01/20, 12:00:43.774, 5146975476191, vstest.console.dll, TcpClientExtensions.MessageLoopAsync: NotifyDataAvailable remoteEndPoint: 127.0.0.1:62319 localEndPoint: 127.0.0.1:62318
TpTrace Verbose: 0 : 13032, 14, 2022/01/20, 12:00:43.774, 5146975476490, vstest.console.dll, TestRequestSender.OnExecutionMessageReceived: Received message: {"Version":5,"MessageType":"TestSession.Message","Payload":{"MessageLevel":0,"Message":"[xUnit.net 00:00:00.60]       Performed invocations:"}}
TpTrace Verbose: 0 : 13032, 14, 2022/01/20, 12:00:43.774, 5146975477052, vstest.console.dll, TestRunRequest:SendTestRunMessage: Starting.
TpTrace Information: 0 : 13032, 14, 2022/01/20, 12:00:43.774, 5146975477308, vstest.console.dll, TestRunRequest:SendTestRunMessage: Completed.
TpTrace Verbose: 0 : 13032, 14, 2022/01/20, 12:00:43.774, 5146975477523, vstest.console.dll, TcpClientExtensions.MessageLoopAsync: Polling on remoteEndPoint: 127.0.0.1:62319 localEndPoint: 127.0.0.1:62318
TpTrace Verbose: 0 : 13032, 14, 2022/01/20, 12:00:43.774, 5146975477923, vstest.console.dll, TcpClientExtensions.MessageLoopAsync: NotifyDataAvailable remoteEndPoint: 127.0.0.1:62319 localEndPoint: 127.0.0.1:62318
TpTrace Verbose: 0 : 13032, 14, 2022/01/20, 12:00:43.774, 5146975478200, vstest.console.dll, TestRequestSender.OnExecutionMessageReceived: Received message: {"Version":5,"MessageType":"TestSession.Message","Payload":{"MessageLevel":0,"Message":"[xUnit.net 00:00:00.60]       "}}
TpTrace Verbose: 0 : 13032, 14, 2022/01/20, 12:00:43.775, 5146975478853, vstest.console.dll, TestRunRequest:SendTestRunMessage: Starting.
TpTrace Information: 0 : 13032, 14, 2022/01/20, 12:00:43.775, 5146975479104, vstest.console.dll, TestRunRequest:SendTestRunMessage: Completed.
TpTrace Verbose: 0 : 13032, 14, 2022/01/20, 12:00:43.775, 5146975479314, vstest.console.dll, TcpClientExtensions.MessageLoopAsync: Polling on remoteEndPoint: 127.0.0.1:62319 localEndPoint: 127.0.0.1:62318
TpTrace Verbose: 0 : 13032, 14, 2022/01/20, 12:00:43.780, 5146975532876, vstest.console.dll, TcpClientExtensions.MessageLoopAsync: NotifyDataAvailable remoteEndPoint: 127.0.0.1:62319 localEndPoint: 127.0.0.1:62318
TpTrace Verbose: 0 : 13032, 14, 2022/01/20, 12:00:43.780, 5146975533952, vstest.console.dll, TestRequestSender.OnExecutionMessageReceived: Received message: {"Version":5,"MessageType":"TestSession.Message","Payload":{"MessageLevel":0,"Message":"[xUnit.net 00:00:00.60]          Mock<IBrandService:2> (x):"}}
TpTrace Verbose: 0 : 13032, 14, 2022/01/20, 12:00:43.780, 5146975535116, vstest.console.dll, TestRunRequest:SendTestRunMessage: Starting.
TpTrace Information: 0 : 13032, 14, 2022/01/20, 12:00:43.780, 5146975535492, vstest.console.dll, TestRunRequest:SendTestRunMessage: Completed.
TpTrace Verbose: 0 : 13032, 14, 2022/01/20, 12:00:43.780, 5146975535856, vstest.console.dll, TcpClientExtensions.MessageLoopAsync: Polling on remoteEndPoint: 127.0.0.1:62319 localEndPoint: 127.0.0.1:62318
TpTrace Verbose: 0 : 13032, 14, 2022/01/20, 12:00:43.780, 5146975536106, vstest.console.dll, TcpClientExtensions.MessageLoopAsync: NotifyDataAvailable remoteEndPoint: 127.0.0.1:62319 localEndPoint: 127.0.0.1:62318
TpTrace Verbose: 0 : 13032, 14, 2022/01/20, 12:00:43.780, 5146975536387, vstest.console.dll, TestRequestSender.OnExecutionMessageReceived: Received message: {"Version":5,"MessageType":"TestSession.Message","Payload":{"MessageLevel":0,"Message":"[xUnit.net 00:00:00.60]          No invocations performed."}}
TpTrace Verbose: 0 : 13032, 14, 2022/01/20, 12:00:43.780, 5146975537164, vstest.console.dll, TestRunRequest:SendTestRunMessage: Starting.
TpTrace Information: 0 : 13032, 14, 2022/01/20, 12:00:43.780, 5146975537427, vstest.console.dll, TestRunRequest:SendTestRunMessage: Completed.
TpTrace Verbose: 0 : 13032, 14, 2022/01/20, 12:00:43.780, 5146975537622, vstest.console.dll, TcpClientExtensions.MessageLoopAsync: Polling on remoteEndPoint: 127.0.0.1:62319 localEndPoint: 127.0.0.1:62318
TpTrace Verbose: 0 : 13032, 14, 2022/01/20, 12:00:43.780, 5146975538125, vstest.console.dll, TcpClientExtensions.MessageLoopAsync: NotifyDataAvailable remoteEndPoint: 127.0.0.1:62319 localEndPoint: 127.0.0.1:62318
TpTrace Verbose: 0 : 13032, 14, 2022/01/20, 12:00:43.781, 5146975538380, vstest.console.dll, TestRequestSender.OnExecutionMessageReceived: Received message: {"Version":5,"MessageType":"TestSession.Message","Payload":{"MessageLevel":0,"Message":"[xUnit.net 00:00:00.60]       "}}
TpTrace Verbose: 0 : 13032, 14, 2022/01/20, 12:00:43.781, 5146975538914, vstest.console.dll, TestRunRequest:SendTestRunMessage: Starting.
TpTrace Information: 0 : 13032, 14, 2022/01/20, 12:00:43.781, 5146975539191, vstest.console.dll, TestRunRequest:SendTestRunMessage: Completed.
TpTrace Verbose: 0 : 13032, 14, 2022/01/20, 12:00:43.781, 5146975539526, vstest.console.dll, TcpClientExtensions.MessageLoopAsync: Polling on remoteEndPoint: 127.0.0.1:62319 localEndPoint: 127.0.0.1:62318
TpTrace Verbose: 0 : 13032, 14, 2022/01/20, 12:00:43.781, 5146975539721, vstest.console.dll, TcpClientExtensions.MessageLoopAsync: NotifyDataAvailable remoteEndPoint: 127.0.0.1:62319 localEndPoint: 127.0.0.1:62318
TpTrace Verbose: 0 : 13032, 14, 2022/01/20, 12:00:43.781, 5146975539954, vstest.console.dll, TestRequestSender.OnExecutionMessageReceived: Received message: {"Version":5,"MessageType":"TestSession.Message","Payload":{"MessageLevel":0,"Message":"[xUnit.net 00:00:00.60]       Stack Trace:"}}
TpTrace Verbose: 0 : 13032, 14, 2022/01/20, 12:00:43.781, 5146975540630, vstest.console.dll, TestRunRequest:SendTestRunMessage: Starting.
TpTrace Information: 0 : 13032, 14, 2022/01/20, 12:00:43.781, 5146975541124, vstest.console.dll, TestRunRequest:SendTestRunMessage: Completed.
TpTrace Verbose: 0 : 13032, 14, 2022/01/20, 12:00:43.781, 5146975541319, vstest.console.dll, TcpClientExtensions.MessageLoopAsync: Polling on remoteEndPoint: 127.0.0.1:62319 localEndPoint: 127.0.0.1:62318
TpTrace Verbose: 0 : 13032, 14, 2022/01/20, 12:00:43.781, 5146975541524, vstest.console.dll, TcpClientExtensions.MessageLoopAsync: NotifyDataAvailable remoteEndPoint: 127.0.0.1:62319 localEndPoint: 127.0.0.1:62318
TpTrace Verbose: 0 : 13032, 14, 2022/01/20, 12:00:43.781, 5146975541805, vstest.console.dll, TestRequestSender.OnExecutionMessageReceived: Received message: {"Version":5,"MessageType":"TestSession.Message","Payload":{"MessageLevel":0,"Message":"[xUnit.net 00:00:00.60]         C:\\projects\\moq4\\src\\Moq\\Mock.cs(337,0): at Moq.Mock.Verify(Mock mock, LambdaExpression expression, Times times, String failMessage)"}}
TpTrace Verbose: 0 : 13032, 14, 2022/01/20, 12:00:43.781, 5146975542402, vstest.console.dll, TestRunRequest:SendTestRunMessage: Starting.
TpTrace Information: 0 : 13032, 14, 2022/01/20, 12:00:43.781, 5146975542647, vstest.console.dll, TestRunRequest:SendTestRunMessage: Completed.
TpTrace Verbose: 0 : 13032, 14, 2022/01/20, 12:00:43.781, 5146975542835, vstest.console.dll, TcpClientExtensions.MessageLoopAsync: Polling on remoteEndPoint: 127.0.0.1:62319 localEndPoint: 127.0.0.1:62318
TpTrace Verbose: 0 : 13032, 14, 2022/01/20, 12:00:43.781, 5146975543031, vstest.console.dll, TcpClientExtensions.MessageLoopAsync: NotifyDataAvailable remoteEndPoint: 127.0.0.1:62319 localEndPoint: 127.0.0.1:62318
TpTrace Verbose: 0 : 13032, 14, 2022/01/20, 12:00:43.781, 5146975543307, vstest.console.dll, TestRequestSender.OnExecutionMessageReceived: Received message: {"Version":5,"MessageType":"TestSession.Message","Payload":{"MessageLevel":0,"Message":"[xUnit.net 00:00:00.60]         C:\\projects\\moq4\\src\\Moq\\Mock`1.cs(835,0): at Moq.Mock`1.Verify[TResult](Expression`1 expression, Times times)"}}
TpTrace Verbose: 0 : 13032, 14, 2022/01/20, 12:00:43.781, 5146975544074, vstest.console.dll, TestRunRequest:SendTestRunMessage: Starting.
TpTrace Information: 0 : 13032, 14, 2022/01/20, 12:00:43.781, 5146975544460, vstest.console.dll, TestRunRequest:SendTestRunMessage: Completed.
TpTrace Verbose: 0 : 13032, 14, 2022/01/20, 12:00:43.781, 5146975544871, vstest.console.dll, TcpClientExtensions.MessageLoopAsync: Polling on remoteEndPoint: 127.0.0.1:62319 localEndPoint: 127.0.0.1:62318
TpTrace Verbose: 0 : 13032, 14, 2022/01/20, 12:00:43.781, 5146975545077, vstest.console.dll, TcpClientExtensions.MessageLoopAsync: NotifyDataAvailable remoteEndPoint: 127.0.0.1:62319 localEndPoint: 127.0.0.1:62318
TpTrace Verbose: 0 : 13032, 14, 2022/01/20, 12:00:43.781, 5146975545410, vstest.console.dll, TestRequestSender.OnExecutionMessageReceived: Received message: {"Version":5,"MessageType":"TestSession.Message","Payload":{"MessageLevel":0,"Message":"[xUnit.net 00:00:00.60]         C:\\Users\\rsmar\\Source\\Repos\\WebstorePhones\\WebstorePhones.Testing\\PhoneService\\Get.cs(39,0): at WebstorePhones.Testing.PhoneService.Get.Should_CallBrandRepositoryTwice()"}}
TpTrace Verbose: 0 : 13032, 14, 2022/01/20, 12:00:43.781, 5146975546343, vstest.console.dll, TestRunRequest:SendTestRunMessage: Starting.
TpTrace Information: 0 : 13032, 14, 2022/01/20, 12:00:43.781, 5146975546760, vstest.console.dll, TestRunRequest:SendTestRunMessage: Completed.
TpTrace Verbose: 0 : 13032, 14, 2022/01/20, 12:00:43.781, 5146975547126, vstest.console.dll, TcpClientExtensions.MessageLoopAsync: Polling on remoteEndPoint: 127.0.0.1:62319 localEndPoint: 127.0.0.1:62318
TpTrace Verbose: 0 : 13032, 14, 2022/01/20, 12:00:43.802, 5146975751790, vstest.console.dll, TcpClientExtensions.MessageLoopAsync: NotifyDataAvailable remoteEndPoint: 127.0.0.1:62319 localEndPoint: 127.0.0.1:62318
TpTrace Verbose: 0 : 13032, 14, 2022/01/20, 12:00:43.802, 5146975753780, vstest.console.dll, TestRequestSender.OnExecutionMessageReceived: Received message: {"Version":5,"MessageType":"TestExecution.StatsChange","Payload":{"NewTestResults":[{"TestCase":{"Id":"faf323d8-d1cb-c495-4913-b8708a955581","FullyQualifiedName":"WebstorePhones.Testing.PhoneService.AddMissingPhones.Should_Return_1","DisplayName":"WebstorePhones.Testing.PhoneService.AddMissingPhones.Should_Return_1","ExecutorUri":"executor://xunit/VsTestRunner2/netcoreapp","Source":"C:\\Users\\rsmar\\Source\\Repos\\WebstorePhones\\WebstorePhones.Testing\\bin\\Debug\\net5.0\\fine-code-coverage\\build-output\\WebstorePhones.Testing.dll","CodeFilePath":null,"LineNumber":0,"Properties":[]},"Attachments":[],"Outcome":1,"ErrorMessage":null,"ErrorStackTrace":null,"DisplayName":"WebstorePhones.Testing.PhoneService.AddMissingPhones.Should_Return_1","Messages":[],"ComputerName":"LAPTOP-I9V7KFJQ","Duration":"00:00:00.0765599","StartTime":"2022-01-20T11:00:43.7421593+00:00","EndTime":"2022-01-20T11:00:43.7422239+00:00","Properties":[]},{"TestCase":{"Id":"dc9f9ff4-a7e1-7df0-49b9-59802a8ab3c9","FullyQualifiedName":"WebstorePhones.Testing.PhoneService.Delete.Should_CallPhoneRepositoryDelete_Once","DisplayName":"WebstorePhones.Testing.PhoneService.Delete.Should_CallPhoneRepositoryDelete_Once","ExecutorUri":"executor://xunit/VsTestRunner2/netcoreapp","Source":"C:\\Users\\rsmar\\Source\\Repos\\WebstorePhones\\WebstorePhones.Testing\\bin\\Debug\\net5.0\\fine-code-coverage\\build-output\\WebstorePhones.Testing.dll","CodeFilePath":null,"LineNumber":0,"Properties":[]},"Attachments":[],"Outcome":1,"ErrorMessage":null,"ErrorStackTrace":null,"DisplayName":"WebstorePhones.Testing.PhoneService.Delete.Should_CallPhoneRepositoryDelete_Once","Messages":[],"ComputerName":"LAPTOP-I9V7KFJQ","Duration":"00:00:00.0784437","StartTime":"2022-01-20T11:00:43.7593657+00:00","EndTime":"2022-01-20T11:00:43.7593663+00:00","Properties":[]},{"TestCase":{"Id":"4138c516-1eb1-acac-ceb4-bb426646c903","FullyQualifiedName":"WebstorePhones.Testing.BrandService.GetById.Should_CallBrandDepositoryGetByIdOnce","DisplayName":"WebstorePhones.Testing.BrandService.GetById.Should_CallBrandDepositoryGetByIdOnce","ExecutorUri":"executor://xunit/VsTestRunner2/netcoreapp","Source":"C:\\Users\\rsmar\\Source\\Repos\\WebstorePhones\\WebstorePhones.Testing\\bin\\Debug\\net5.0\\fine-code-coverage\\build-output\\WebstorePhones.Testing.dll","CodeFilePath":null,"LineNumber":0,"Properties":[]},"Attachments":[],"Outcome":1,"ErrorMessage":null,"ErrorStackTrace":null,"DisplayName":"WebstorePhones.Testing.BrandService.GetById.Should_CallBrandDepositoryGetByIdOnce","Messages":[],"ComputerName":"LAPTOP-I9V7KFJQ","Duration":"00:00:00.0759711","StartTime":"2022-01-20T11:00:43.7602546+00:00","EndTime":"2022-01-20T11:00:43.7602551+00:00","Properties":[]},{"TestCase":{"Id":"616665bf-82b1-c353-634d-da7e335a5275","FullyQualifiedName":"WebstorePhones.Testing.BrandService.GetById.Should_Return_ABrandWithAnIdOf1","DisplayName":"WebstorePhones.Testing.BrandService.GetById.Should_Return_ABrandWithAnIdOf1","ExecutorUri":"executor://xunit/VsTestRunner2/netcoreapp","Source":"C:\\Users\\rsmar\\Source\\Repos\\WebstorePhones\\WebstorePhones.Testing\\bin\\Debug\\net5.0\\fine-code-coverage\\build-output\\WebstorePhones.Testing.dll","CodeFilePath":null,"LineNumber":0,"Properties":[]},"Attachments":[],"Outcome":1,"ErrorMessage":null,"ErrorStackTrace":null,"DisplayName":"WebstorePhones.Testing.BrandService.GetById.Should_Return_ABrandWithAnIdOf1","Messages":[],"ComputerName":"LAPTOP-I9V7KFJQ","Duration":"00:00:00.0013737","StartTime":"2022-01-20T11:00:43.7622399+00:00","EndTime":"2022-01-20T11:00:43.7622405+00:00","Properties":[]},{"TestCase":{"Id":"55e8f5e5-54f8-b8d2-f64c-34c957704050","FullyQualifiedName":"WebstorePhones.Testing.PhoneService.Search.Should_Return_OnePhoneWithMatchingType","DisplayName":"WebstorePhones.Testing.PhoneService.Search.Should_Return_OnePhoneWithMatchingType","ExecutorUri":"executor://xunit/VsTestRunner2/netcoreapp","Source":"C:\\Users\\rsmar\\Source\\Repos\\WebstorePhones\\WebstorePhones.Testing\\bin\\Debug\\net5.0\\fine-code-coverage\\build-output\\WebstorePhones.Testing.dll","CodeFilePath":null,"LineNumber":0,"Properties":[]},"Attachments":[],"Outcome":1,"ErrorMessage":null,"ErrorStackTrace":null,"DisplayName":"WebstorePhones.Testing.PhoneService.Search.Should_Return_OnePhoneWithMatchingType","Messages":[],"ComputerName":"LAPTOP-I9V7KFJQ","Duration":"00:00:00.0811176","StartTime":"2022-01-20T11:00:43.7628036+00:00","EndTime":"2022-01-20T11:00:43.7628039+00:00","Properties":[]},{"TestCase":{"Id":"2afaf36b-2b7e-2151-0264-096b29b6c05c","FullyQualifiedName":"WebstorePhones.Testing.BrandService.AddBrandIdToPhone.Should_ReturnBrandIdOfOne","DisplayName":"WebstorePhones.Testing.BrandService.AddBrandIdToPhone.Should_ReturnBrandIdOfOne","ExecutorUri":"executor://xunit/VsTestRunner2/netcoreapp","Source":"C:\\Users\\rsmar\\Source\\Repos\\WebstorePhones\\WebstorePhones.Testing\\bin\\Debug\\net5.0\\fine-code-coverage\\build-output\\WebstorePhones.Testing.dll","CodeFilePath":null,"LineNumber":0,"Properties":[]},"Attachments":[],"Outcome":1,"ErrorMessage":null,"ErrorStackTrace":null,"DisplayName":"WebstorePhones.Testing.BrandService.AddBrandIdToPhone.Should_ReturnBrandIdOfOne","Messages":[],"ComputerName":"LAPTOP-I9V7KFJQ","Duration":"00:00:00.0829690","StartTime":"2022-01-20T11:00:43.7636851+00:00","EndTime":"2022-01-20T11:00:43.7636855+00:00","Properties":[]},{"TestCase":{"Id":"e5621f1e-cef7-fce0-0a36-8c4a450e1228","FullyQualifiedName":"WebstorePhones.Testing.BrandService.AddBrandIdToPhone.Should_CallBrandRepositoryCreateOnce","DisplayName":"WebstorePhones.Testing.BrandService.AddBrandIdToPhone.Should_CallBrandRepositoryCreateOnce","ExecutorUri":"executor://xunit/VsTestRunner2/netcoreapp","Source":"C:\\Users\\rsmar\\Source\\Repos\\WebstorePhones\\WebstorePhones.Testing\\bin\\Debug\\net5.0\\fine-code-coverage\\build-output\\WebstorePhones.Testing.dll","CodeFilePath":null,"LineNumber":0,"Properties":[]},"Attachments":[],"Outcome":1,"ErrorMessage":null,"ErrorStackTrace":null,"DisplayName":"WebstorePhones.Testing.BrandService.AddBrandIdToPhone.Should_CallBrandRepositoryCreateOnce","Messages":[],"ComputerName":"LAPTOP-I9V7KFJQ","Duration":"00:00:00.0036884","StartTime":"2022-01-20T11:00:43.7645737+00:00","EndTime":"2022-01-20T11:00:43.7645741+00:00","Properties":[]},{"TestCase":{"Id":"16cf00af-46b0-3f70-19ac-684c056483db","FullyQualifiedName":"WebstorePhones.Testing.PhoneService.Search.Should_Return_OnePhoneWithMatchingBrand","DisplayName":"WebstorePhones.Testing.PhoneService.Search.Should_Return_OnePhoneWithMatchingBrand","ExecutorUri":"executor://xunit/VsTestRunner2/netcoreapp","Source":"C:\\Users\\rsmar\\Source\\Repos\\WebstorePhones\\WebstorePhones.Testing\\bin\\Debug\\net5.0\\fine-code-coverage\\build-output\\WebstorePhones.Testing.dll","CodeFilePath":null,"LineNumber":0,"Properties":[]},"Attachments":[],"Outcome":2,"ErrorMessage":"System.NullReferenceException : Object reference not set to an instance of an object.","ErrorStackTrace":"   at WebstorePhones.Business.Services.PhoneService.<>c__DisplayClass4_0.<Search>b__1(Phone x) in C:\\Users\\rsmar\\Source\\Repos\\WebstorePhones\\WebstorePhones.Business\\Services\\PhoneService.cs:line 46\r\n   at System.Linq.Enumerable.WhereListIterator`1.ToList()\r\n   at System.Linq.Enumerable.ToList[TSource](IEnumerable`1 source)\r\n   at WebstorePhones.Testing.PhoneService.Search.Should_Return_OnePhoneWithMatchingBrand() in C:\\Users\\rsmar\\Source\\Repos\\WebstorePhones\\WebstorePhones.Testing\\PhoneService\\Search.cs:line 33","DisplayName":"WebstorePhones.Testing.PhoneService.Search.Should_Return_OnePhoneWithMatchingBrand","Messages":[],"ComputerName":"LAPTOP-I9V7KFJQ","Duration":"00:00:00.0017066","StartTime":"2022-01-20T11:00:43.7726412+00:00","EndTime":"2022-01-20T11:00:43.7726424+00:00","Properties":[]},{"TestCase":{"Id":"1d185e69-bf73-9b35-3b70-1ecf2207a527","FullyQualifiedName":"WebstorePhones.Testing.PhoneService.Get.Should_CallBrandRepositoryTwice","DisplayName":"WebstorePhones.Testing.PhoneService.Get.Should_CallBrandRepositoryTwice","ExecutorUri":"executor://xunit/VsTestRunner2/netcoreapp","Source":"C:\\Users\\rsmar\\Source\\Repos\\WebstorePhones\\WebstorePhones.Testing\\bin\\Debug\\net5.0\\fine-code-coverage\\build-output\\WebstorePhones.Testing.dll","CodeFilePath":null,"LineNumber":0,"Properties":[]},"Attachments":[],"Outcome":2,"ErrorMessage":"Moq.MockException : \r\nExpected invocation on the mock exactly 2 times, but was 0 times: x => x.GetById(It.IsAny<long>())\r\n\r\nPerformed invocations:\r\n\r\n   Mock<IBrandService:2> (x):\r\n   No invocations performed.\r\n","ErrorStackTrace":"   at Moq.Mock.Verify(Mock mock, LambdaExpression expression, Times times, String failMessage) in C:\\projects\\moq4\\src\\Moq\\Mock.cs:line 337\r\n   at Moq.Mock`1.Verify[TResult](Expression`1 expression, Times times) in C:\\projects\\moq4\\src\\Moq\\Mock`1.cs:line 835\r\n   at WebstorePhones.Testing.PhoneService.Get.Should_CallBrandRepositoryTwice() in C:\\Users\\rsmar\\Source\\Repos\\WebstorePhones\\WebstorePhones.Testing\\PhoneService\\Get.cs:line 39","DisplayName":"WebstorePhones.Testing.PhoneService.Get.Should_CallBrandRepositoryTwice","Messages":[],"ComputerName":"LAPTOP-I9V7KFJQ","Duration":"00:00:00.0846745","StartTime":"2022-01-20T11:00:43.7812089+00:00","EndTime":"2022-01-20T11:00:43.7812097+00:00","Properties":[]}],"TestRunStatistics":{"ExecutedTests":9,"Stats":{"Passed":7,"Failed":2}},"ActiveTests":[{"Id":"988abfbf-d62a-3005-11f6-6fe3eb1b21e7","FullyQualifiedName":"WebstorePhones.Testing.PhoneService.Get.Should_CallPhoneRepositoryGetAllOnce","DisplayName":"WebstorePhones.Testing.PhoneService.Get.Should_CallPhoneRepositoryGetAllOnce","ExecutorUri":"executor://xunit/VsTestRunner2/netcoreapp","Source":"C:\\Users\\rsmar\\Source\\Repos\\WebstorePhones\\WebstorePhones.Testing\\bin\\Debug\\net5.0\\fine-code-coverage\\build-output\\WebstorePhones.Testing.dll","CodeFilePath":null,"LineNumber":0,"Properties":[]}]}}
TpTrace Verbose: 0 : 13032, 14, 2022/01/20, 12:00:43.825, 5146975979017, vstest.console.dll, TestRunRequest:SendTestRunStatsChange: Starting.
TpTrace Verbose: 0 : 13032, 14, 2022/01/20, 12:00:43.825, 5146975980311, vstest.console.dll, InProgress is WebstorePhones.Testing.PhoneService.Get.Should_CallPhoneRepositoryGetAllOnce
TpTrace Information: 0 : 13032, 14, 2022/01/20, 12:00:43.825, 5146975981650, vstest.console.dll, TestRunRequest:SendTestRunStatsChange: Completed.
TpTrace Verbose: 0 : 13032, 14, 2022/01/20, 12:00:43.825, 5146975981970, vstest.console.dll, TcpClientExtensions.MessageLoopAsync: Polling on remoteEndPoint: 127.0.0.1:62319 localEndPoint: 127.0.0.1:62318
TpTrace Verbose: 0 : 13032, 14, 2022/01/20, 12:00:43.825, 5146975982283, vstest.console.dll, TcpClientExtensions.MessageLoopAsync: NotifyDataAvailable remoteEndPoint: 127.0.0.1:62319 localEndPoint: 127.0.0.1:62318
TpTrace Verbose: 0 : 13032, 14, 2022/01/20, 12:00:43.825, 5146975982723, vstest.console.dll, TestRequestSender.OnExecutionMessageReceived: Received message: {"Version":5,"MessageType":"TestSession.Message","Payload":{"MessageLevel":0,"Message":"[xUnit.net 00:00:00.63]   Finished:    WebstorePhones.Testing"}}
TpTrace Verbose: 0 : 13032, 14, 2022/01/20, 12:00:43.825, 5146975983492, vstest.console.dll, TestRunRequest:SendTestRunMessage: Starting.
TpTrace Information: 0 : 13032, 14, 2022/01/20, 12:00:43.825, 5146975983794, vstest.console.dll, TestRunRequest:SendTestRunMessage: Completed.
TpTrace Verbose: 0 : 13032, 14, 2022/01/20, 12:00:43.825, 5146975984036, vstest.console.dll, TcpClientExtensions.MessageLoopAsync: Polling on remoteEndPoint: 127.0.0.1:62319 localEndPoint: 127.0.0.1:62318
TpTrace Verbose: 0 : 13032, 14, 2022/01/20, 12:00:43.825, 5146975984388, vstest.console.dll, TcpClientExtensions.MessageLoopAsync: NotifyDataAvailable remoteEndPoint: 127.0.0.1:62319 localEndPoint: 127.0.0.1:62318
TpTrace Verbose: 0 : 13032, 14, 2022/01/20, 12:00:43.825, 5146975984757, vstest.console.dll, TestRequestSender.OnExecutionMessageReceived: Received message: {"Version":5,"MessageType":"TestExecution.Completed","Payload":{"TestRunCompleteArgs":{"TestRunStatistics":{"ExecutedTests":11,"Stats":{"Passed":9,"Failed":2}},"IsCanceled":false,"IsAborted":false,"Error":null,"AttachmentSets":[],"ElapsedTimeInRunningTests":"00:00:00.6392395","Metrics":{}},"LastRunTests":{"NewTestResults":[{"TestCase":{"Id":"988abfbf-d62a-3005-11f6-6fe3eb1b21e7","FullyQualifiedName":"WebstorePhones.Testing.PhoneService.Get.Should_CallPhoneRepositoryGetAllOnce","DisplayName":"WebstorePhones.Testing.PhoneService.Get.Should_CallPhoneRepositoryGetAllOnce","ExecutorUri":"executor://xunit/VsTestRunner2/netcoreapp","Source":"C:\\Users\\rsmar\\Source\\Repos\\WebstorePhones\\WebstorePhones.Testing\\bin\\Debug\\net5.0\\fine-code-coverage\\build-output\\WebstorePhones.Testing.dll","CodeFilePath":null,"LineNumber":0,"Properties":[]},"Attachments":[],"Outcome":1,"ErrorMessage":null,"ErrorStackTrace":null,"DisplayName":"WebstorePhones.Testing.PhoneService.Get.Should_CallPhoneRepositoryGetAllOnce","Messages":[],"ComputerName":"LAPTOP-I9V7KFJQ","Duration":"00:00:00.0003192","StartTime":"2022-01-20T11:00:43.8035568+00:00","EndTime":"2022-01-20T11:00:43.8035576+00:00","Properties":[]},{"TestCase":{"Id":"577c6294-fc63-d38d-42f9-23557a4a8f9e","FullyQualifiedName":"WebstorePhones.Testing.PhoneService.Search.Should_Return_OnePhoneWithMatchingDescription","DisplayName":"WebstorePhones.Testing.PhoneService.Search.Should_Return_OnePhoneWithMatchingDescription","ExecutorUri":"executor://xunit/VsTestRunner2/netcoreapp","Source":"C:\\Users\\rsmar\\Source\\Repos\\WebstorePhones\\WebstorePhones.Testing\\bin\\Debug\\net5.0\\fine-code-coverage\\build-output\\WebstorePhones.Testing.dll","CodeFilePath":null,"LineNumber":0,"Properties":[]},"Attachments":[],"Outcome":1,"ErrorMessage":null,"ErrorStackTrace":null,"DisplayName":"WebstorePhones.Testing.PhoneService.Search.Should_Return_OnePhoneWithMatchingDescription","Messages":[],"ComputerName":"LAPTOP-I9V7KFJQ","Duration":"00:00:00.0006007","StartTime":"2022-01-20T11:00:43.8042177+00:00","EndTime":"2022-01-20T11:00:43.804218+00:00","Properties":[]}],"TestRunStatistics":{"ExecutedTests":11,"Stats":{"Passed":9,"Failed":2}},"ActiveTests":[]},"RunAttachments":[],"ExecutorUris":["executor://xunit/VsTestRunner2/netcoreapp"]}}
TpTrace Verbose: 0 : 13032, 14, 2022/01/20, 12:00:43.825, 5146975985861, vstest.console.dll, TestRequestSender.EndSession: Sending end session.
TpTrace Verbose: 0 : 13032, 14, 2022/01/20, 12:00:43.825, 5146975987059, vstest.console.dll, ProxyOperationManager.Close: waiting for test host to exit for 100 ms
TpTrace Warning: 0 : 13032, 12, 2022/01/20, 12:00:43.855, 5146976288318, vstest.console.dll, TestHostManagerCallbacks.ErrorReceivedCallback Test host standard error line: 
TpTrace Verbose: 0 : 13032, 7, 2022/01/20, 12:00:43.866, 5146976392890, vstest.console.dll, TestHostProvider.ExitCallBack: Host exited starting callback.
TpTrace Information: 0 : 13032, 7, 2022/01/20, 12:00:43.866, 5146976397353, vstest.console.dll, TestHostManagerCallbacks.ExitCallBack: Testhost processId: 14420 exited with exitcode: 0 error: ''
TpTrace Verbose: 0 : 13032, 7, 2022/01/20, 12:00:43.866, 5146976397967, vstest.console.dll, DotnetTestHostManager.OnHostExited: invoking OnHostExited callback
TpTrace Verbose: 0 : 13032, 7, 2022/01/20, 12:00:43.867, 5146976398444, vstest.console.dll, CrossPlatEngine.TestHostManagerHostExited: calling on client process exit callback.
TpTrace Information: 0 : 13032, 7, 2022/01/20, 12:00:43.867, 5146976398831, vstest.console.dll, TestRequestSender.OnClientProcessExit: Test host process exited. Standard error: 
TpTrace Information: 0 : 13032, 7, 2022/01/20, 12:00:43.867, 5146976399228, vstest.console.dll, SocketServer.Stop: Stop server endPoint: 127.0.0.1:62318
TpTrace Information: 0 : 13032, 7, 2022/01/20, 12:00:43.867, 5146976399407, vstest.console.dll, SocketServer.Stop: Cancellation requested. Stopping message loop.
TpTrace Warning: 0 : 13032, 14, 2022/01/20, 12:00:43.867, 5146976399797, vstest.console.dll, ProxyOperationManager: Timed out waiting for test host to exit. Will terminate process.
TpTrace Verbose: 0 : 13032, 14, 2022/01/20, 12:00:43.867, 5146976404174, vstest.console.dll, ProxyDataCollectionManager.InvokeDataCollectionServiceAction: Starting.
TpTrace Information: 0 : 13032, 14, 2022/01/20, 12:00:43.867, 5146976404686, vstest.console.dll, ProxyDataCollectionManager.AfterTestRunEnd: Get attachment set for datacollector processId: 2512 port: 62315
TpTrace Verbose: 0 : 13032, 14, 2022/01/20, 12:00:43.867, 5146976405152, vstest.console.dll, DataCollectionRequestSender.SendAfterTestRunStartAndGetResult : Send AfterTestRunEnd message with isCancelled: False
TpTrace Verbose: 0 : 13032, 14, 2022/01/20, 12:00:43.871, 5146976438869, vstest.console.dll, DataCollectionRequestSender.SendAfterTestRunStartAndGetResult : Received message: (DataCollection.AfterTestRunEndResult) -> {
  "AttachmentSets": [],
  "Metrics": {}
}
TpTrace Information: 0 : 13032, 14, 2022/01/20, 12:00:43.873, 5146976459991, vstest.console.dll, ProxyDataCollectionManager.InvokeDataCollectionServiceAction: Completed.
TpTrace Warning: 0 : 13032, 9, 2022/01/20, 12:00:43.885, 5146976587034, vstest.console.dll, DataCollectionLauncher.ErrorReceivedCallback datacollector standard error line: 
TpTrace Information: 0 : 13032, 7, 2022/01/20, 12:00:43.889, 5146976623813, vstest.console.dll, DataCollectionLauncher.ExitCallBack: Data collector exited with exitcode: 0 error: ''
TpTrace Verbose: 0 : 13032, 14, 2022/01/20, 12:00:43.889, 5146976625639, vstest.console.dll, TestRunRequest:SendTestRunStatsChange: Starting.
TpTrace Information: 0 : 13032, 14, 2022/01/20, 12:00:43.889, 5146976626323, vstest.console.dll, TestRunRequest:SendTestRunStatsChange: Completed.
TpTrace Verbose: 0 : 13032, 14, 2022/01/20, 12:00:43.889, 5146976627458, vstest.console.dll, ParallelProxyExecutionManager: HandlePartialRunComplete: Total completed clients = 1, Run complete = True, Run canceled: False.
TpTrace Verbose: 0 : 13032, 14, 2022/01/20, 12:00:43.906, 5146976790542, vstest.console.dll, TestRunRequest:TestRunComplete: Starting. IsAborted:False IsCanceled:False.
TpTrace Verbose: 0 : 13032, 14, 2022/01/20, 12:00:43.906, 5146976791981, vstest.console.dll, TestLoggerManager.HandleTestRunComplete: Ignoring as the object is disposed.
TpTrace Information: 0 : 13032, 14, 2022/01/20, 12:00:43.906, 5146976793797, vstest.console.dll, TestRunRequest:TestRunComplete: Completed.
TpTrace Verbose: 0 : 13032, 14, 2022/01/20, 12:00:43.906, 5146976794230, vstest.console.dll, TestRequestSender.SetOperationComplete: Setting operation complete.
TpTrace Information: 0 : 13032, 14, 2022/01/20, 12:00:43.906, 5146976794463, vstest.console.dll, SocketServer.Stop: Stop server endPoint: 127.0.0.1:62318
TpTrace Verbose: 0 : 13032, 1, 2022/01/20, 12:00:43.906, 5146976794477, vstest.console.dll, TestRunRequest.Dispose: Starting.
TpTrace Information: 0 : 13032, 14, 2022/01/20, 12:00:43.906, 5146976794636, vstest.console.dll, SocketServer.Stop: Cancellation requested. Stopping message loop.
TpTrace Information: 0 : 13032, 1, 2022/01/20, 12:00:43.906, 5146976795195, vstest.console.dll, TestRunRequest.Dispose: Completed.
TpTrace Information: 0 : 13032, 14, 2022/01/20, 12:00:43.906, 5146976795380, vstest.console.dll, SocketServer.PrivateStop: Stop server endPoint: 127.0.0.1:62318 error: 
TpTrace Information: 0 : 13032, 1, 2022/01/20, 12:00:43.906, 5146976795619, vstest.console.dll, TestRequestManager.RunTests: run tests completed.
TpTrace Information: 0 : 13032, 1, 2022/01/20, 12:00:43.906, 5146976796995, vstest.console.dll, RunTestsArgumentProcessor:Execute: Test run is completed.
TpTrace Verbose: 0 : 13032, 1, 2022/01/20, 12:00:43.907, 5146976798459, vstest.console.dll, Executor.Execute: Exiting with exit code of 1
TpTrace Verbose: 0 : 13032, 14, 2022/01/20, 12:00:43.907, 5146976799199, vstest.console.dll, LengthPrefixCommunicationChannel.Dispose: Dispose reader and writer.
TpTrace Information: 0 : 13032, 14, 2022/01/20, 12:00:43.907, 5146976799936, vstest.console.dll, SocketServer.Stop: Raise disconnected event endPoint: 127.0.0.1:62318 error: 
TpTrace Verbose: 0 : 13032, 14, 2022/01/20, 12:00:43.907, 5146976800373, vstest.console.dll, TestRequestSender: OnTestRunAbort: Operation is already complete. Skip error message.
TpTrace Verbose: 0 : 13032, 14, 2022/01/20, 12:00:43.907, 5146976800578, vstest.console.dll, TcpClientExtensions.MessageLoopAsync: exiting MessageLoopAsync remoteEndPoint: 127.0.0.1:62319 localEndPoint: 127.0.0.1:62318
